#
# There is insufficient memory for the Java Runtime Environment to continue.
# Native memory allocation (malloc) failed to allocate 32744 bytes for ChunkPool::allocate
# Possible reasons:
#   The system is out of physical RAM or swap space
#   The process is running with CompressedOops enabled, and the Java Heap may be blocking the growth of the native heap
# Possible solutions:
#   Reduce memory load on the system
#   Increase physical memory or swap space
#   Check if swap backing store is full
#   Decrease Java heap size (-Xmx/-Xms)
#   Decrease number of Java threads
#   Decrease Java thread stack sizes (-Xss)
#   Set larger code cache with -XX:ReservedCodeCacheSize=
#   JVM is running with Unscaled Compressed Oops mode in which the Java heap is
#     placed in the first 4GB address space. The Java Heap base address is the
#     maximum limit for the native heap growth. Please use -XX:HeapBaseMinAddress
#     to set the Java Heap base and to place the Java Heap above 4GB virtual address.
# This output file may be truncated or incomplete.
#
#  Out of Memory Error (allocation.cpp:272), pid=1548, tid=0x0000000000000a74
#
# JRE version: Java(TM) SE Runtime Environment (8.0_241-b07) (build 1.8.0_241-b07)
# Java VM: Java HotSpot(TM) 64-Bit Server VM (25.241-b07 mixed mode windows-amd64 compressed oops)
# Failed to write core dump. Minidumps are not enabled by default on client versions of Windows
#

---------------  T H R E A D  ---------------

Current thread (0x0000000017b87000):  JavaThread "Test worker" [_thread_in_vm, id=2676, stack(0x0000000018d60000,0x0000000018e60000)]

Stack: [0x0000000018d60000,0x0000000018e60000]
[error occurred during error reporting (printing stack bounds), id 0xc0000005]

Native frames: (J=compiled Java code, j=interpreted, Vv=VM code, C=native code)

Java frames: (J=compiled Java code, j=interpreted, Vv=VM code)
J 1788  java.lang.Object.notifyAll()V (0 bytes) @ 0x00000000035a12bb [0x00000000035a1280+0x3b]
j  org.apache.derby.impl.services.monitor.TopService.setTopModule(Ljava/lang/Object;)V+20
j  org.apache.derby.impl.services.monitor.BaseMonitor.bootService(Lorg/apache/derby/iapi/services/monitor/PersistentService;Ljava/lang/String;Ljava/lang/String;Ljava/util/Properties;Z)Ljava/lang/Object;+747
j  org.apache.derby.impl.services.monitor.BaseMonitor.startServices(Ljava/util/Properties;Z)V+100
j  org.apache.derby.impl.services.monitor.FileMonitor.startServices(Ljava/util/Properties;Z)V+3
j  org.apache.derby.impl.services.monitor.BaseMonitor.runWithState(Ljava/util/Properties;Ljava/io/PrintWriter;)V+313
j  org.apache.derby.impl.services.monitor.FileMonitor.<init>(Ljava/util/Properties;Ljava/io/PrintWriter;)V+7
j  org.apache.derby.iapi.services.monitor.Monitor.startMonitor(Ljava/util/Properties;Ljava/io/PrintWriter;)V+9
j  org.apache.derby.iapi.jdbc.JDBCBoot$1.run()Ljava/lang/Object;+8
v  ~StubRoutines::call_stub
J 680  java.security.AccessController.doPrivileged(Ljava/security/PrivilegedAction;)Ljava/lang/Object; (0 bytes) @ 0x00000000032a5dd2 [0x00000000032a5d80+0x52]
j  org.apache.derby.iapi.jdbc.JDBCBoot.boot(Ljava/util/Properties;Ljava/io/PrintWriter;)V+9
j  org.apache.derby.iapi.jdbc.JDBCBoot.boot(Ljava/lang/String;Ljava/io/PrintWriter;)V+27
j  org.apache.derby.jdbc.EmbeddedDriver.boot()V+30
j  org.apache.derby.jdbc.EmbeddedDriver.<clinit>()V+0
v  ~StubRoutines::call_stub
J 1269  sun.reflect.NativeConstructorAccessorImpl.newInstance0(Ljava/lang/reflect/Constructor;[Ljava/lang/Object;)Ljava/lang/Object; (0 bytes) @ 0x000000000343c026 [0x000000000343bfc0+0x66]
J 1268 C1 sun.reflect.NativeConstructorAccessorImpl.newInstance([Ljava/lang/Object;)Ljava/lang/Object; (89 bytes) @ 0x000000000343f0d4 [0x000000000343e080+0x1054]
J 976 C1 sun.reflect.DelegatingConstructorAccessorImpl.newInstance([Ljava/lang/Object;)Ljava/lang/Object; (9 bytes) @ 0x0000000003382a04 [0x0000000003382900+0x104]
J 973 C1 java.lang.reflect.Constructor.newInstance([Ljava/lang/Object;)Ljava/lang/Object; (87 bytes) @ 0x000000000337f78c [0x000000000337f2c0+0x4cc]
J 4354 C1 org.springframework.beans.BeanUtils.instantiateClass(Ljava/lang/reflect/Constructor;[Ljava/lang/Object;)Ljava/lang/Object; (187 bytes) @ 0x0000000003f5120c [0x0000000003f50240+0xfcc]
j  org.springframework.beans.BeanUtils.instantiateClass(Ljava/lang/Class;)Ljava/lang/Object;+36
j  org.springframework.jdbc.datasource.SimpleDriverDataSource.setDriverClass(Ljava/lang/Class;)V+2
j  org.springframework.jdbc.datasource.embedded.SimpleDriverDataSourceFactory$1.setDriverClass(Ljava/lang/Class;)V+8
j  org.springframework.jdbc.datasource.embedded.DerbyEmbeddedDatabaseConfigurer.configureConnectionProperties(Lorg/springframework/jdbc/datasource/embedded/ConnectionProperties;Ljava/lang/String;)V+3
j  org.springframework.jdbc.datasource.embedded.EmbeddedDatabaseFactory.initDatabase()V+51
j  org.springframework.jdbc.datasource.embedded.EmbeddedDatabaseFactory.getDatabase()Lorg/springframework/jdbc/datasource/embedded/EmbeddedDatabase;+8
j  org.springframework.jdbc.datasource.embedded.EmbeddedDatabaseBuilder.build()Lorg/springframework/jdbc/datasource/embedded/EmbeddedDatabase;+4
j  org.springframework.jdbc.datasource.embedded.EmbeddedDatabaseBuilderTests.lambda$setTypeToDerbyAndIgnoreFailedDrops$7()V+31
j  org.springframework.jdbc.datasource.embedded.EmbeddedDatabaseBuilderTests$$Lambda$514.run()V+4
j  org.springframework.jdbc.datasource.embedded.EmbeddedDatabaseBuilderTests.doTwice(Ljava/lang/Runnable;)V+1
j  org.springframework.jdbc.datasource.embedded.EmbeddedDatabaseBuilderTests.setTypeToDerbyAndIgnoreFailedDrops()V+7
v  ~StubRoutines::call_stub
J 3528  sun.reflect.NativeMethodAccessorImpl.invoke0(Ljava/lang/reflect/Method;Ljava/lang/Object;[Ljava/lang/Object;)Ljava/lang/Object; (0 bytes) @ 0x0000000003b8917f [0x0000000003b89100+0x7f]
J 3174 C1 sun.reflect.NativeMethodAccessorImpl.invoke(Ljava/lang/Object;[Ljava/lang/Object;)Ljava/lang/Object; (104 bytes) @ 0x0000000003a56ae4 [0x0000000003a55940+0x11a4]
J 4743 C2 java.lang.reflect.Method.invoke(Ljava/lang/Object;[Ljava/lang/Object;)Ljava/lang/Object; (62 bytes) @ 0x0000000004091980 [0x00000000040918e0+0xa0]
J 6722 C1 org.junit.platform.commons.util.ReflectionUtils.invokeMethod(Ljava/lang/reflect/Method;Ljava/lang/Object;[Ljava/lang/Object;)Ljava/lang/Object; (54 bytes) @ 0x000000000454b6dc [0x0000000004549fc0+0x171c]
J 6721 C1 org.junit.jupiter.engine.execution.MethodInvocation.proceed()Ljava/lang/Object; (20 bytes) @ 0x0000000004535c34 [0x0000000004535a80+0x1b4]
J 6465 C1 org.junit.jupiter.engine.execution.InvocationInterceptorChain$ValidatingInvocation.proceed()Ljava/lang/Object; (14 bytes) @ 0x0000000004483adc [0x0000000004483860+0x27c]
J 6394 C1 org.junit.jupiter.engine.extension.TimeoutExtension.intercept(Lorg/junit/jupiter/api/extension/InvocationInterceptor$Invocation;Lorg/junit/jupiter/api/extension/ReflectiveInvocationContext;Lorg/junit/jupiter/api/extension/ExtensionContext;Lorg/junit/jupiter/engine/extension/TimeoutDuration;Lorg/junit/jupiter/engine/extension/TimeoutExtension$TimeoutProvider;)Ljava/lang/Object; (34 bytes) @ 0x000000000444852c [0x0000000004447f60+0x5cc]
j  org.junit.jupiter.engine.extension.TimeoutExtension.interceptTestableMethod(Lorg/junit/jupiter/api/extension/InvocationInterceptor$Invocation;Lorg/junit/jupiter/api/extension/ReflectiveInvocationContext;Lorg/junit/jupiter/api/extension/ExtensionContext;Lorg/junit/jupiter/engine/extension/TimeoutExtension$TimeoutProvider;)Ljava/lang/Object;+31
j  org.junit.jupiter.engine.extension.TimeoutExtension.interceptTestMethod(Lorg/junit/jupiter/api/extension/InvocationInterceptor$Invocation;Lorg/junit/jupiter/api/extension/ReflectiveInvocationContext;Lorg/junit/jupiter/api/extension/ExtensionContext;)V+9
j  org.junit.jupiter.engine.descriptor.TestMethodTestDescriptor$$Lambda$125.apply(Lorg/junit/jupiter/api/extension/InvocationInterceptor;Lorg/junit/jupiter/api/extension/InvocationInterceptor$Invocation;Lorg/junit/jupiter/api/extension/ReflectiveInvocationContext;Lorg/junit/jupiter/api/extension/ExtensionContext;)V+5
J 6519 C1 org.junit.jupiter.engine.execution.ExecutableInvoker$ReflectiveInterceptorCall$$Lambda$126.apply(Lorg/junit/jupiter/api/extension/InvocationInterceptor;Lorg/junit/jupiter/api/extension/InvocationInterceptor$Invocation;Lorg/junit/jupiter/api/extension/ReflectiveInvocationContext;Lorg/junit/jupiter/api/extension/ExtensionContext;)Ljava/lang/Object; (13 bytes) @ 0x00000000044a5fcc [0x00000000044a5e80+0x14c]
J 6462 C1 org.junit.jupiter.engine.execution.InvocationInterceptorChain$InterceptedInvocation.proceed()Ljava/lang/Object; (18 bytes) @ 0x000000000447861c [0x0000000004478420+0x1fc]
J 6375 C1 org.junit.jupiter.engine.execution.InvocationInterceptorChain.chainAndInvoke(Lorg/junit/jupiter/api/extension/InvocationInterceptor$Invocation;Lorg/junit/jupiter/engine/execution/InvocationInterceptorChain$InterceptorCall;Ljava/util/List;)Ljava/lang/Object; (37 bytes) @ 0x0000000004430f44 [0x0000000004430be0+0x364]
J 6460 C1 org.junit.jupiter.engine.execution.InvocationInterceptorChain.invoke(Lorg/junit/jupiter/api/extension/InvocationInterceptor$Invocation;Lorg/junit/jupiter/engine/extension/ExtensionRegistry;Lorg/junit/jupiter/engine/execution/InvocationInterceptorChain$InterceptorCall;)Ljava/lang/Object; (35 bytes) @ 0x0000000004481f3c [0x0000000004481c00+0x33c]
J 6392 C1 org.junit.jupiter.engine.execution.ExecutableInvoker.invoke(Ljava/lang/reflect/Method;Ljava/lang/Object;Lorg/junit/jupiter/api/extension/ExtensionContext;Lorg/junit/jupiter/engine/extension/ExtensionRegistry;Lorg/junit/jupiter/engine/execution/ExecutableInvoker$ReflectiveInterceptorCall;)Ljava/lang/Object; (60 bytes) @ 0x0000000004444714 [0x0000000004443c20+0xaf4]
j  org.junit.jupiter.engine.descriptor.TestMethodTestDescriptor.lambda$invokeTestMethod$6(Lorg/junit/jupiter/api/extension/ExtensionContext;Lorg/junit/jupiter/engine/execution/JupiterEngineExecutionContext;)V+28
J 6671 C1 org.junit.jupiter.engine.descriptor.TestMethodTestDescriptor.execute(Lorg/junit/jupiter/engine/execution/JupiterEngineExecutionContext;Lorg/junit/platform/engine/support/hierarchical/Node$DynamicTestExecutor;)Lorg/junit/jupiter/engine/execution/JupiterEngineExecutionContext; (64 bytes) @ 0x0000000004523cfc [0x00000000045229c0+0x133c]
J 6670 C1 org.junit.jupiter.engine.descriptor.TestMethodTestDescriptor.execute(Lorg/junit/platform/engine/support/hierarchical/EngineExecutionContext;Lorg/junit/platform/engine/support/hierarchical/Node$DynamicTestExecutor;)Lorg/junit/platform/engine/support/hierarchical/EngineExecutionContext; (10 bytes) @ 0x00000000045215ac [0x0000000004521440+0x16c]
j  org.junit.platform.engine.support.hierarchical.NodeTestTask.lambda$executeRecursively$5()V+79
j  org.junit.platform.engine.support.hierarchical.NodeTestTask$$Lambda$195.execute()V+4
J 4292 C1 org.junit.platform.engine.support.hierarchical.ThrowableCollector.execute(Lorg/junit/platform/engine/support/hierarchical/ThrowableCollector$Executable;)V (20 bytes) @ 0x0000000003efb82c [0x0000000003efb720+0x10c]
j  org.junit.platform.engine.support.hierarchical.NodeTestTask.lambda$executeRecursively$7(Lorg/junit/platform/engine/support/hierarchical/EngineExecutionContext;)V+15
j  org.junit.platform.engine.support.hierarchical.NodeTestTask$$Lambda$194.invoke(Lorg/junit/platform/engine/support/hierarchical/EngineExecutionContext;)V+5
j  org.junit.platform.engine.support.hierarchical.Node.around(Lorg/junit/platform/engine/support/hierarchical/EngineExecutionContext;Lorg/junit/platform/engine/support/hierarchical/Node$Invocation;)V+2
j  org.junit.platform.engine.support.hierarchical.NodeTestTask.lambda$executeRecursively$8()V+14
j  org.junit.platform.engine.support.hierarchical.NodeTestTask$$Lambda$193.execute()V+4
J 4292 C1 org.junit.platform.engine.support.hierarchical.ThrowableCollector.execute(Lorg/junit/platform/engine/support/hierarchical/ThrowableCollector$Executable;)V (20 bytes) @ 0x0000000003efb82c [0x0000000003efb720+0x10c]
j  org.junit.platform.engine.support.hierarchical.NodeTestTask.executeRecursively()V+31
j  org.junit.platform.engine.support.hierarchical.NodeTestTask.execute()V+55
j  org.junit.platform.engine.support.hierarchical.SameThreadHierarchicalTestExecutorService$$Lambda$199.accept(Ljava/lang/Object;)V+4
J 5396 C1 java.util.ArrayList.forEach(Ljava/util/function/Consumer;)V (75 bytes) @ 0x000000000316664c [0x0000000003166440+0x20c]
j  org.junit.platform.engine.support.hierarchical.SameThreadHierarchicalTestExecutorService.invokeAll(Ljava/util/List;)V+6
j  org.junit.platform.engine.support.hierarchical.NodeTestTask.lambda$executeRecursively$5()V+116
j  org.junit.platform.engine.support.hierarchical.NodeTestTask$$Lambda$195.execute()V+4
J 4292 C1 org.junit.platform.engine.support.hierarchical.ThrowableCollector.execute(Lorg/junit/platform/engine/support/hierarchical/ThrowableCollector$Executable;)V (20 bytes) @ 0x0000000003efb82c [0x0000000003efb720+0x10c]
j  org.junit.platform.engine.support.hierarchical.NodeTestTask.lambda$executeRecursively$7(Lorg/junit/platform/engine/support/hierarchical/EngineExecutionContext;)V+15
j  org.junit.platform.engine.support.hierarchical.NodeTestTask$$Lambda$194.invoke(Lorg/junit/platform/engine/support/hierarchical/EngineExecutionContext;)V+5
j  org.junit.platform.engine.support.hierarchical.Node.around(Lorg/junit/platform/engine/support/hierarchical/EngineExecutionContext;Lorg/junit/platform/engine/support/hierarchical/Node$Invocation;)V+2
j  org.junit.platform.engine.support.hierarchical.NodeTestTask.lambda$executeRecursively$8()V+14
j  org.junit.platform.engine.support.hierarchical.NodeTestTask$$Lambda$193.execute()V+4
J 4292 C1 org.junit.platform.engine.support.hierarchical.ThrowableCollector.execute(Lorg/junit/platform/engine/support/hierarchical/ThrowableCollector$Executable;)V (20 bytes) @ 0x0000000003efb82c [0x0000000003efb720+0x10c]
j  org.junit.platform.engine.support.hierarchical.NodeTestTask.executeRecursively()V+31
j  org.junit.platform.engine.support.hierarchical.NodeTestTask.execute()V+55
j  org.junit.platform.engine.support.hierarchical.SameThreadHierarchicalTestExecutorService$$Lambda$199.accept(Ljava/lang/Object;)V+4
j  java.util.ArrayList.forEach(Ljava/util/function/Consumer;)V+47
j  org.junit.platform.engine.support.hierarchical.SameThreadHierarchicalTestExecutorService.invokeAll(Ljava/util/List;)V+6
j  org.junit.platform.engine.support.hierarchical.NodeTestTask.lambda$executeRecursively$5()V+116
j  org.junit.platform.engine.support.hierarchical.NodeTestTask$$Lambda$195.execute()V+4
j  org.junit.platform.engine.support.hierarchical.ThrowableCollector.execute(Lorg/junit/platform/engine/support/hierarchical/ThrowableCollector$Executable;)V+1
j  org.junit.platform.engine.support.hierarchical.NodeTestTask.lambda$executeRecursively$7(Lorg/junit/platform/engine/support/hierarchical/EngineExecutionContext;)V+15
j  org.junit.platform.engine.support.hierarchical.NodeTestTask$$Lambda$194.invoke(Lorg/junit/platform/engine/support/hierarchical/EngineExecutionContext;)V+5
j  org.junit.platform.engine.support.hierarchical.Node.around(Lorg/junit/platform/engine/support/hierarchical/EngineExecutionContext;Lorg/junit/platform/engine/support/hierarchical/Node$Invocation;)V+2
j  org.junit.platform.engine.support.hierarchical.NodeTestTask.lambda$executeRecursively$8()V+14
j  org.junit.platform.engine.support.hierarchical.NodeTestTask$$Lambda$193.execute()V+4
j  org.junit.platform.engine.support.hierarchical.ThrowableCollector.execute(Lorg/junit/platform/engine/support/hierarchical/ThrowableCollector$Executable;)V+1
j  org.junit.platform.engine.support.hierarchical.NodeTestTask.executeRecursively()V+31
j  org.junit.platform.engine.support.hierarchical.NodeTestTask.execute()V+55
j  org.junit.platform.engine.support.hierarchical.SameThreadHierarchicalTestExecutorService.submit(Lorg/junit/platform/engine/support/hierarchical/HierarchicalTestExecutorService$TestTask;)Ljava/util/concurrent/Future;+1
j  org.junit.platform.engine.support.hierarchical.HierarchicalTestExecutor.execute()Ljava/util/concurrent/Future;+74
j  org.junit.platform.engine.support.hierarchical.HierarchicalTestEngine.execute(Lorg/junit/platform/engine/ExecutionRequest;)V+31
j  org.junit.platform.launcher.core.EngineExecutionOrchestrator.execute(Lorg/junit/platform/engine/TestDescriptor;Lorg/junit/platform/engine/EngineExecutionListener;Lorg/junit/platform/engine/ConfigurationParameters;Lorg/junit/platform/engine/TestEngine;)V+24
j  org.junit.platform.launcher.core.EngineExecutionOrchestrator.execute(Lorg/junit/platform/launcher/core/LauncherDiscoveryResult;Lorg/junit/platform/engine/EngineExecutionListener;)V+86
j  org.junit.platform.launcher.core.EngineExecutionOrchestrator.lambda$execute$0(Lorg/junit/platform/launcher/core/InternalTestPlan;Lorg/junit/platform/launcher/core/LauncherDiscoveryResult;Lorg/junit/platform/launcher/TestExecutionListener;)V+18
j  org.junit.platform.launcher.core.EngineExecutionOrchestrator$$Lambda$154.accept(Ljava/lang/Object;)V+16
j  org.junit.platform.launcher.core.EngineExecutionOrchestrator.withInterceptedStreams(Lorg/junit/platform/engine/ConfigurationParameters;Lorg/junit/platform/launcher/core/TestExecutionListenerRegistry;Ljava/util/function/Consumer;)V+43
j  org.junit.platform.launcher.core.EngineExecutionOrchestrator.execute(Lorg/junit/platform/launcher/core/InternalTestPlan;[Lorg/junit/platform/launcher/TestExecutionListener;)V+35
j  org.junit.platform.launcher.core.DefaultLauncher.execute(Lorg/junit/platform/launcher/core/InternalTestPlan;[Lorg/junit/platform/launcher/TestExecutionListener;)V+6
j  org.junit.platform.launcher.core.DefaultLauncher.execute(Lorg/junit/platform/launcher/LauncherDiscoveryRequest;[Lorg/junit/platform/launcher/TestExecutionListener;)V+33
j  org.gradle.api.internal.tasks.testing.junitplatform.JUnitPlatformTestClassProcessor$CollectAllTestClassesExecutor.processAllTestClasses()V+58
j  org.gradle.api.internal.tasks.testing.junitplatform.JUnitPlatformTestClassProcessor$CollectAllTestClassesExecutor.access$000(Lorg/gradle/api/internal/tasks/testing/junitplatform/JUnitPlatformTestClassProcessor$CollectAllTestClassesExecutor;)V+1
j  org.gradle.api.internal.tasks.testing.junitplatform.JUnitPlatformTestClassProcessor.stop()V+4
j  org.gradle.api.internal.tasks.testing.SuiteTestClassProcessor.stop()V+4
v  ~StubRoutines::call_stub
j  sun.reflect.NativeMethodAccessorImpl.invoke0(Ljava/lang/reflect/Method;Ljava/lang/Object;[Ljava/lang/Object;)Ljava/lang/Object;+0
j  sun.reflect.NativeMethodAccessorImpl.invoke(Ljava/lang/Object;[Ljava/lang/Object;)Ljava/lang/Object;+100
j  sun.reflect.DelegatingMethodAccessorImpl.invoke(Ljava/lang/Object;[Ljava/lang/Object;)Ljava/lang/Object;+6
j  java.lang.reflect.Method.invoke(Ljava/lang/Object;[Ljava/lang/Object;)Ljava/lang/Object;+56
j  org.gradle.internal.dispatch.ReflectionDispatch.dispatch(Lorg/gradle/internal/dispatch/MethodInvocation;)V+19
j  org.gradle.internal.dispatch.ReflectionDispatch.dispatch(Ljava/lang/Object;)V+5
j  org.gradle.internal.dispatch.ContextClassLoaderDispatch.dispatch(Ljava/lang/Object;)V+22
j  org.gradle.internal.dispatch.ProxyDispatchAdapter$DispatchingInvocationHandler.invoke(Ljava/lang/Object;Ljava/lang/reflect/Method;[Ljava/lang/Object;)Ljava/lang/Object;+177
j  com.sun.proxy.$Proxy2.stop()V+9
j  org.gradle.api.internal.tasks.testing.worker.TestWorker.stop()V+12
v  ~StubRoutines::call_stub
j  sun.reflect.NativeMethodAccessorImpl.invoke0(Ljava/lang/reflect/Method;Ljava/lang/Object;[Ljava/lang/Object;)Ljava/lang/Object;+0
j  sun.reflect.NativeMethodAccessorImpl.invoke(Ljava/lang/Object;[Ljava/lang/Object;)Ljava/lang/Object;+100
j  sun.reflect.DelegatingMethodAccessorImpl.invoke(Ljava/lang/Object;[Ljava/lang/Object;)Ljava/lang/Object;+6
j  java.lang.reflect.Method.invoke(Ljava/lang/Object;[Ljava/lang/Object;)Ljava/lang/Object;+56
j  org.gradle.internal.dispatch.ReflectionDispatch.dispatch(Lorg/gradle/internal/dispatch/MethodInvocation;)V+19
j  org.gradle.internal.dispatch.ReflectionDispatch.dispatch(Ljava/lang/Object;)V+5
j  org.gradle.internal.remote.internal.hub.MessageHubBackedObjectConnection$DispatchWrapper.dispatch(Lorg/gradle/internal/dispatch/MethodInvocation;)V+5
j  org.gradle.internal.remote.internal.hub.MessageHubBackedObjectConnection$DispatchWrapper.dispatch(Ljava/lang/Object;)V+5
j  org.gradle.internal.remote.internal.hub.MessageHub$Handler.run()V+174
j  org.gradle.internal.concurrent.ExecutorPolicy$CatchAndRecordFailures.onExecute(Ljava/lang/Runnable;)V+1
j  org.gradle.internal.concurrent.ManagedExecutorImpl$1.run()V+25
j  java.util.concurrent.ThreadPoolExecutor.runWorker(Ljava/util/concurrent/ThreadPoolExecutor$Worker;)V+95
j  java.util.concurrent.ThreadPoolExecutor$Worker.run()V+5
j  org.gradle.internal.concurrent.ThreadFactoryImpl$ManagedThreadRunnable.run()V+7
j  java.lang.Thread.run()V+11
v  ~StubRoutines::call_stub

---------------  P R O C E S S  ---------------

Java Threads: ( => current thread )
  0x000000001bc50800 JavaThread "Timer-0" daemon [_thread_new, id=17340, stack(0x0000000000000000,0x0000000000000000)]
  0x0000000017ab5000 JavaThread "/127.0.0.1:51605 to /127.0.0.1:51599 workers Thread 3" [_thread_in_native, id=13292, stack(0x0000000018f60000,0x0000000019060000)]
  0x0000000017ab3000 JavaThread "/127.0.0.1:51605 to /127.0.0.1:51599 workers Thread 2" [_thread_blocked, id=11660, stack(0x0000000018e60000,0x0000000018f60000)]
=>0x0000000017b87000 JavaThread "Test worker" [_thread_in_vm, id=2676, stack(0x0000000018d60000,0x0000000018e60000)]
  0x00000000166a1000 JavaThread "Service Thread" daemon [_thread_blocked, id=12348, stack(0x0000000017290000,0x0000000017390000)]
  0x0000000016698000 JavaThread "C1 CompilerThread3" daemon [_thread_blocked, id=18748, stack(0x0000000017190000,0x0000000017290000)]
  0x0000000016694000 JavaThread "C2 CompilerThread2" daemon [_thread_in_native, id=4556, stack(0x0000000017090000,0x0000000017190000)]
  0x0000000016691000 JavaThread "C2 CompilerThread1" daemon [_thread_in_native, id=1220, stack(0x0000000016f90000,0x0000000017090000)]
  0x000000001663a000 JavaThread "C2 CompilerThread0" daemon [_thread_in_native, id=2976, stack(0x0000000016e90000,0x0000000016f90000)]
  0x0000000016637800 JavaThread "Attach Listener" daemon [_thread_blocked, id=12644, stack(0x0000000016d90000,0x0000000016e90000)]
  0x0000000016637000 JavaThread "Signal Dispatcher" daemon [_thread_blocked, id=17852, stack(0x0000000016c90000,0x0000000016d90000)]
  0x00000000165a1800 JavaThread "Finalizer" daemon [_thread_blocked, id=7568, stack(0x0000000016a80000,0x0000000016b80000)]
  0x00000000165a0800 JavaThread "Reference Handler" daemon [_thread_blocked, id=7184, stack(0x0000000016980000,0x0000000016a80000)]
  0x00000000010de800 JavaThread "main" [_thread_blocked, id=10492, stack(0x0000000002e00000,0x0000000002f00000)]

Other Threads:
  0x00000000147b8800 VMThread [stack: 0x0000000016480000,0x0000000016580000] [id=7144]
  0x00000000166c2000 WatcherThread [stack: 0x0000000017390000,0x0000000017490000] [id=3316]

VM state:not at safepoint (normal execution)

VM Mutex/Monitor currently owned by a thread: None

heap address: 0x00000000e0000000, size: 512 MB, Compressed Oops mode: 32-bit
Narrow klass base: 0x0000000000000000, Narrow klass shift: 3
Compressed class space size: 1073741824 Address: 0x0000000100000000

Heap:
 PSYoungGen      total 163840K, used 152825K [0x00000000f5580000, 0x0000000100000000, 0x0000000100000000)
  eden space 153088K, 94% used [0x00000000f5580000,0x00000000fe2c90a8,0x00000000feb00000)
  from space 10752K, 75% used [0x00000000ff580000,0x00000000ffd756c0,0x0000000100000000)
  to   space 10752K, 0% used [0x00000000feb00000,0x00000000feb00000,0x00000000ff580000)
 ParOldGen       total 142848K, used 17837K [0x00000000e0000000, 0x00000000e8b80000, 0x00000000f5580000)
  object space 142848K, 12% used [0x00000000e0000000,0x00000000e116b460,0x00000000e8b80000)
 Metaspace       used 45756K, capacity 47818K, committed 47912K, reserved 1091584K
  class space    used 5796K, capacity 6167K, committed 6184K, reserved 1048576K

Card table byte_map: [0x00000000123c0000,0x00000000124d0000] byte_map_base: 0x0000000011cc0000

Marking Bits: (ParMarkBitMap*) 0x000000005399be30
 Begin Bits: [0x0000000012cd0000, 0x00000000134d0000)
 End Bits:   [0x00000000134d0000, 0x0000000013cd0000)

Polling page: 0x00000000010b0000

CodeCache: size=245760Kb used=22134Kb max_used=22134Kb free=223625Kb
 bounds [0x0000000003000000, 0x00000000045c0000, 0x0000000012000000]
 total_blobs=7082 nmethods=6510 adapters=483
 compilation: enabled

Compilation events (10 events):
Event: 19.856 Thread 0x0000000016698000 6864       3       java.util.Arrays::fill (21 bytes)
Event: 19.856 Thread 0x0000000016698000 nmethod 6864 0x00000000045ac450 code [0x00000000045ac5c0, 0x00000000045ac7b0]
Event: 19.858 Thread 0x0000000016698000 6865  s    3       org.hsqldb.persist.PersistentStoreCollectionSession::clearStatementTables (60 bytes)
Event: 19.859 Thread 0x0000000016698000 nmethod 6865 0x00000000045ac890 code [0x00000000045acb40, 0x00000000045ade88]
Event: 20.507 Thread 0x0000000016698000 6866       3       java.lang.Class$AnnotationData::<init> (20 bytes)
Event: 20.507 Thread 0x0000000016698000 nmethod 6866 0x00000000045b0610 code [0x00000000045b0760, 0x00000000045b0950]
Event: 20.507 Thread 0x0000000016698000 6867       1       com.sun.jmx.mbeanserver.PerInterface::access$200 (5 bytes)
Event: 20.507 Thread 0x0000000016698000 nmethod 6867 0x00000000045b0a10 code [0x00000000045b0b60, 0x00000000045b0c50]
Event: 20.521 Thread 0x0000000016698000 6868       3       javax.management.MBeanFeatureInfo::<init> (20 bytes)
Event: 20.521 Thread 0x0000000016698000 nmethod 6868 0x00000000045b0cd0 code [0x00000000045b0e20, 0x00000000045b1010]

GC Heap History (10 events):
Event: 6.954 GC heap before
{Heap before GC invocations=2 (full 0):
 PSYoungGen      total 76288K, used 54809K [0x00000000f5580000, 0x00000000fea80000, 0x0000000100000000)
  eden space 65536K, 70% used [0x00000000f5580000,0x00000000f82d24d0,0x00000000f9580000)
  from space 10752K, 78% used [0x00000000f9580000,0x00000000f9db4130,0x00000000fa000000)
  to   space 10752K, 0% used [0x00000000fe000000,0x00000000fe000000,0x00000000fea80000)
 ParOldGen       total 175104K, used 16K [0x00000000e0000000, 0x00000000eab00000, 0x00000000f5580000)
  object space 175104K, 0% used [0x00000000e0000000,0x00000000e0004000,0x00000000eab00000)
 Metaspace       used 20026K, capacity 21210K, committed 21296K, reserved 1067008K
  class space    used 2626K, capacity 2863K, committed 2864K, reserved 1048576K
Event: 6.972 GC heap after
Heap after GC invocations=2 (full 0):
 PSYoungGen      total 141824K, used 9881K [0x00000000f5580000, 0x00000000fea80000, 0x0000000100000000)
  eden space 131072K, 0% used [0x00000000f5580000,0x00000000f5580000,0x00000000fd580000)
  from space 10752K, 91% used [0x00000000fe000000,0x00000000fe9a67b8,0x00000000fea80000)
  to   space 10752K, 0% used [0x00000000fd580000,0x00000000fd580000,0x00000000fe000000)
 ParOldGen       total 175104K, used 96K [0x00000000e0000000, 0x00000000eab00000, 0x00000000f5580000)
  object space 175104K, 0% used [0x00000000e0000000,0x00000000e0018010,0x00000000eab00000)
 Metaspace       used 20026K, capacity 21210K, committed 21296K, reserved 1067008K
  class space    used 2626K, capacity 2863K, committed 2864K, reserved 1048576K
}
Event: 6.972 GC heap before
{Heap before GC invocations=3 (full 1):
 PSYoungGen      total 141824K, used 9881K [0x00000000f5580000, 0x00000000fea80000, 0x0000000100000000)
  eden space 131072K, 0% used [0x00000000f5580000,0x00000000f5580000,0x00000000fd580000)
  from space 10752K, 91% used [0x00000000fe000000,0x00000000fe9a67b8,0x00000000fea80000)
  to   space 10752K, 0% used [0x00000000fd580000,0x00000000fd580000,0x00000000fe000000)
 ParOldGen       total 175104K, used 96K [0x00000000e0000000, 0x00000000eab00000, 0x00000000f5580000)
  object space 175104K, 0% used [0x00000000e0000000,0x00000000e0018010,0x00000000eab00000)
 Metaspace       used 20026K, capacity 21210K, committed 21296K, reserved 1067008K
  class space    used 2626K, capacity 2863K, committed 2864K, reserved 1048576K
Event: 7.045 GC heap after
Heap after GC invocations=3 (full 1):
 PSYoungGen      total 141824K, used 0K [0x00000000f5580000, 0x00000000fea80000, 0x0000000100000000)
  eden space 131072K, 0% used [0x00000000f5580000,0x00000000f5580000,0x00000000fd580000)
  from space 10752K, 0% used [0x00000000fe000000,0x00000000fe000000,0x00000000fea80000)
  to   space 10752K, 0% used [0x00000000fd580000,0x00000000fd580000,0x00000000fe000000)
 ParOldGen       total 97792K, used 9529K [0x00000000e0000000, 0x00000000e5f80000, 0x00000000f5580000)
  object space 97792K, 9% used [0x00000000e0000000,0x00000000e094e430,0x00000000e5f80000)
 Metaspace       used 20026K, capacity 21210K, committed 21296K, reserved 1067008K
  class space    used 2626K, capacity 2863K, committed 2864K, reserved 1048576K
}
Event: 12.394 GC heap before
{Heap before GC invocations=4 (full 1):
 PSYoungGen      total 141824K, used 115442K [0x00000000f5580000, 0x00000000fea80000, 0x0000000100000000)
  eden space 131072K, 88% used [0x00000000f5580000,0x00000000fc63c978,0x00000000fd580000)
  from space 10752K, 0% used [0x00000000fe000000,0x00000000fe000000,0x00000000fea80000)
  to   space 10752K, 0% used [0x00000000fd580000,0x00000000fd580000,0x00000000fe000000)
 ParOldGen       total 97792K, used 9529K [0x00000000e0000000, 0x00000000e5f80000, 0x00000000f5580000)
  object space 97792K, 9% used [0x00000000e0000000,0x00000000e094e430,0x00000000e5f80000)
 Metaspace       used 33960K, capacity 35380K, committed 35496K, reserved 1081344K
  class space    used 4155K, capacity 4426K, committed 4520K, reserved 1048576K
Event: 12.409 GC heap after
Heap after GC invocations=4 (full 1):
 PSYoungGen      total 141824K, used 10729K [0x00000000f5580000, 0x0000000100000000, 0x0000000100000000)
  eden space 131072K, 0% used [0x00000000f5580000,0x00000000f5580000,0x00000000fd580000)
  from space 10752K, 99% used [0x00000000fd580000,0x00000000fdffa558,0x00000000fe000000)
  to   space 10752K, 0% used [0x00000000ff580000,0x00000000ff580000,0x0000000100000000)
 ParOldGen       total 97792K, used 11131K [0x00000000e0000000, 0x00000000e5f80000, 0x00000000f5580000)
  object space 97792K, 11% used [0x00000000e0000000,0x00000000e0adef18,0x00000000e5f80000)
 Metaspace       used 33960K, capacity 35380K, committed 35496K, reserved 1081344K
  class space    used 4155K, capacity 4426K, committed 4520K, reserved 1048576K
}
Event: 12.409 GC heap before
{Heap before GC invocations=5 (full 2):
 PSYoungGen      total 141824K, used 10729K [0x00000000f5580000, 0x0000000100000000, 0x0000000100000000)
  eden space 131072K, 0% used [0x00000000f5580000,0x00000000f5580000,0x00000000fd580000)
  from space 10752K, 99% used [0x00000000fd580000,0x00000000fdffa558,0x00000000fe000000)
  to   space 10752K, 0% used [0x00000000ff580000,0x00000000ff580000,0x0000000100000000)
 ParOldGen       total 97792K, used 11131K [0x00000000e0000000, 0x00000000e5f80000, 0x00000000f5580000)
  object space 97792K, 11% used [0x00000000e0000000,0x00000000e0adef18,0x00000000e5f80000)
 Metaspace       used 33960K, capacity 35380K, committed 35496K, reserved 1081344K
  class space    used 4155K, capacity 4426K, committed 4520K, reserved 1048576K
Event: 12.457 GC heap after
Heap after GC invocations=5 (full 2):
 PSYoungGen      total 141824K, used 0K [0x00000000f5580000, 0x0000000100000000, 0x0000000100000000)
  eden space 131072K, 0% used [0x00000000f5580000,0x00000000f5580000,0x00000000fd580000)
  from space 10752K, 0% used [0x00000000fd580000,0x00000000fd580000,0x00000000fe000000)
  to   space 10752K, 0% used [0x00000000ff580000,0x00000000ff580000,0x0000000100000000)
 ParOldGen       total 142848K, used 17829K [0x00000000e0000000, 0x00000000e8b80000, 0x00000000f5580000)
  object space 142848K, 12% used [0x00000000e0000000,0x00000000e1169460,0x00000000e8b80000)
 Metaspace       used 33960K, capacity 35380K, committed 35496K, reserved 1081344K
  class space    used 4155K, capacity 4426K, committed 4520K, reserved 1048576K
}
Event: 16.275 GC heap before
{Heap before GC invocations=6 (full 2):
 PSYoungGen      total 141824K, used 131072K [0x00000000f5580000, 0x0000000100000000, 0x0000000100000000)
  eden space 131072K, 100% used [0x00000000f5580000,0x00000000fd580000,0x00000000fd580000)
  from space 10752K, 0% used [0x00000000fd580000,0x00000000fd580000,0x00000000fe000000)
  to   space 10752K, 0% used [0x00000000ff580000,0x00000000ff580000,0x0000000100000000)
 ParOldGen       total 142848K, used 17829K [0x00000000e0000000, 0x00000000e8b80000, 0x00000000f5580000)
  object space 142848K, 12% used [0x00000000e0000000,0x00000000e1169460,0x00000000e8b80000)
 Metaspace       used 40839K, capacity 42444K, committed 42664K, reserved 1087488K
  class space    used 5185K, capacity 5478K, committed 5544K, reserved 1048576K
Event: 16.287 GC heap after
Heap after GC invocations=6 (full 2):
 PSYoungGen      total 163840K, used 8149K [0x00000000f5580000, 0x0000000100000000, 0x0000000100000000)
  eden space 153088K, 0% used [0x00000000f5580000,0x00000000f5580000,0x00000000feb00000)
  from space 10752K, 75% used [0x00000000ff580000,0x00000000ffd756c0,0x0000000100000000)
  to   space 10752K, 0% used [0x00000000feb00000,0x00000000feb00000,0x00000000ff580000)
 ParOldGen       total 142848K, used 17837K [0x00000000e0000000, 0x00000000e8b80000, 0x00000000f5580000)
  object space 142848K, 12% used [0x00000000e0000000,0x00000000e116b460,0x00000000e8b80000)
 Metaspace       used 40839K, capacity 42444K, committed 42664K, reserved 1087488K
  class space    used 5185K, capacity 5478K, committed 5544K, reserved 1048576K
}

Deoptimization events (10 events):
Event: 19.231 Thread 0x0000000017b87000 Uncommon trap: reason=unstable_if action=reinterpret pc=0x000000000327d748 method=java.util.HashMap.hash(Ljava/lang/Object;)I @ 1
Event: 19.294 Thread 0x000000001bc4f000 Uncommon trap: reason=unstable_if action=reinterpret pc=0x00000000033f4f1c method=java.lang.ThreadLocal.get()Ljava/lang/Object; @ 11
Event: 19.294 Thread 0x000000001bc4f000 Uncommon trap: reason=unstable_if action=reinterpret pc=0x000000000446a6e8 method=org.mockito.internal.configuration.GlobalConfiguration.<init>()V @ 10
Event: 19.355 Thread 0x0000000017b87000 Uncommon trap: reason=unstable_if action=reinterpret pc=0x00000000044aac0c method=java.lang.StackTraceElement.toString()Ljava/lang/String; @ 42
Event: 19.599 Thread 0x0000000017b87000 Uncommon trap: reason=unstable_if action=reinterpret pc=0x00000000043b55c8 method=org.mockito.internal.invocation.InvocationMatcher.matches(Lorg/mockito/invocation/Invocation;)Z @ 18
Event: 20.492 Thread 0x0000000017b87000 Uncommon trap: reason=class_check action=maybe_recompile pc=0x0000000003a9ae7c method=java.util.Hashtable.get(Ljava/lang/Object;)Ljava/lang/Object; @ 6
Event: 20.497 Thread 0x0000000017b87000 Uncommon trap: reason=class_check action=maybe_recompile pc=0x0000000003a9ae7c method=java.util.Hashtable.get(Ljava/lang/Object;)Ljava/lang/Object; @ 6
Event: 20.498 Thread 0x0000000017b87000 Uncommon trap: reason=class_check action=maybe_recompile pc=0x0000000003a9ae7c method=java.util.Hashtable.get(Ljava/lang/Object;)Ljava/lang/Object; @ 6
Event: 20.499 Thread 0x0000000017b87000 Uncommon trap: reason=class_check action=maybe_recompile pc=0x0000000003a9ae7c method=java.util.Hashtable.get(Ljava/lang/Object;)Ljava/lang/Object; @ 6
Event: 20.507 Thread 0x0000000017b87000 Uncommon trap: reason=array_check action=maybe_recompile pc=0x000000000369627c method=java.util.TimSort.binarySort([Ljava/lang/Object;IIILjava/util/Comparator;)V @ 193

Classes redefined (0 events):
No events

Internal exceptions (10 events):
Event: 18.270 Thread 0x0000000017b87000 Exception <a 'java/lang/ClassNotFoundException': org/springframework/beans/testfixture/beans/IOtherCustomizer> (0x00000000f9584b28) thrown at [C:\ade\jenkins\workspace\8-2-build-windows-amd64-cygwin\jdk8u241\331\hotspot\src\share\vm\classfile\systemDictio
Event: 18.562 Thread 0x0000000017b87000 Exception <a 'java/lang/ClassNotFoundException': org/springframework/jdbc/core/namedparam/NamedParameterQueryTests$ParameterCollectionBeanBeanInfo> (0x00000000f9d8ae18) thrown at [C:\ade\jenkins\workspace\8-2-build-windows-amd64-cygwin\jdk8u241\331\hotspo
Event: 18.562 Thread 0x0000000017b87000 Exception <a 'java/lang/ClassNotFoundException': org/springframework/jdbc/core/namedparam/NamedParameterQueryTests$ParameterCollectionBeanCustomizer> (0x00000000f9da7e70) thrown at [C:\ade\jenkins\workspace\8-2-build-windows-amd64-cygwin\jdk8u241\331\hots
Event: 18.571 Thread 0x0000000017b87000 Exception <a 'java/lang/ClassNotFoundException': org/springframework/jdbc/core/namedparam/NamedParameterQueryTests$ParameterBeanBeanInfo> (0x00000000f9e0dfe8) thrown at [C:\ade\jenkins\workspace\8-2-build-windows-amd64-cygwin\jdk8u241\331\hotspot\src\shar
Event: 18.572 Thread 0x0000000017b87000 Exception <a 'java/lang/ClassNotFoundException': org/springframework/jdbc/core/namedparam/NamedParameterQueryTests$ParameterBeanCustomizer> (0x00000000f9e28ab0) thrown at [C:\ade\jenkins\workspace\8-2-build-windows-amd64-cygwin\jdk8u241\331\hotspot\src\sh
Event: 18.764 Thread 0x0000000017b87000 Implicit null exception at 0x0000000003896f15 to 0x000000000389712d
Event: 18.774 Thread 0x0000000017b87000 Implicit null exception at 0x00000000033447ef to 0x0000000003344859
Event: 18.950 Thread 0x0000000017b87000 Implicit null exception at 0x0000000003c919b0 to 0x0000000003c91a01
Event: 19.231 Thread 0x0000000017b87000 Implicit null exception at 0x000000000327d555 to 0x000000000327d739
Event: 19.294 Thread 0x000000001bc4f000 Implicit null exception at 0x00000000033f4d88 to 0x00000000033f4f0d

Events (10 events):
Event: 20.520 loading class org/apache/derby/jdbc/JDBC
Event: 20.520 loading class org/apache/derby/jdbc/JDBC done
Event: 20.520 loading class org/apache/derby/mbeans/JDBCMBean
Event: 20.520 loading class org/apache/derby/mbeans/JDBCMBean done
Event: 20.522 loading class org/apache/derby/iapi/error/StandardException$BadMessageArgumentException
Event: 20.522 loading class org/apache/derby/iapi/error/StandardException$BadMessageArgumentException done
Event: 20.524 loading class org/apache/derby/iapi/error/ErrorStringBuilder
Event: 20.524 loading class org/apache/derby/iapi/error/ErrorStringBuilder done
Event: 20.527 loading class org/apache/derby/iapi/error/PassThroughException
Event: 20.527 loading class org/apache/derby/iapi/error/PassThroughException done


Dynamic libraries:
0x00007ff77a680000 - 0x00007ff77a6b7000 	D:\Program Files\Java\jdk1.8.0_241\bin\java.exe
0x00007ff9d43a0000 - 0x00007ff9d4590000 	C:\windows\SYSTEM32\ntdll.dll
0x00007ff9d4140000 - 0x00007ff9d41f2000 	C:\windows\System32\KERNEL32.DLL
0x00007ff9d2170000 - 0x00007ff9d2413000 	C:\windows\System32\KERNELBASE.dll
0x00007ff9d2450000 - 0x00007ff9d24f3000 	C:\windows\System32\ADVAPI32.dll
0x00007ff9d3840000 - 0x00007ff9d38de000 	C:\windows\System32\msvcrt.dll
0x00007ff9d2e90000 - 0x00007ff9d2f27000 	C:\windows\System32\sechost.dll
0x00007ff9d2cc0000 - 0x00007ff9d2de0000 	C:\windows\System32\RPCRT4.dll
0x00007ff9d35f0000 - 0x00007ff9d3784000 	C:\windows\System32\USER32.dll
0x00007ff9d14b0000 - 0x00007ff9d14d1000 	C:\windows\System32\win32u.dll
0x00007ff9d3ea0000 - 0x00007ff9d3ec6000 	C:\windows\System32\GDI32.dll
0x00007ff9d14e0000 - 0x00007ff9d1674000 	C:\windows\System32\gdi32full.dll
0x00007ff9d20d0000 - 0x00007ff9d216e000 	C:\windows\System32\msvcp_win.dll
0x00007ff9d13b0000 - 0x00007ff9d14aa000 	C:\windows\System32\ucrtbase.dll
0x00007ff9c3dd0000 - 0x00007ff9c4055000 	C:\windows\WinSxS\amd64_microsoft.windows.common-controls_6595b64144ccf1df_6.0.18362.592_none_e6c0b1911312be02\COMCTL32.dll
0x00007ff9d32b0000 - 0x00007ff9d35e6000 	C:\windows\System32\combase.dll
0x00007ff9d1330000 - 0x00007ff9d13b0000 	C:\windows\System32\bcryptPrimitives.dll
0x00007ff9d2f40000 - 0x00007ff9d2f6e000 	C:\windows\System32\IMM32.DLL
0x00000000540e0000 - 0x00000000541b2000 	D:\Program Files\Java\jdk1.8.0_241\jre\bin\msvcr100.dll
0x0000000053170000 - 0x0000000053a1c000 	D:\Program Files\Java\jdk1.8.0_241\jre\bin\server\jvm.dll
0x00007ff9d2f30000 - 0x00007ff9d2f38000 	C:\windows\System32\PSAPI.DLL
0x00007ff9cf2e0000 - 0x00007ff9cf2e9000 	C:\windows\SYSTEM32\WSOCK32.dll
0x00007ff9d2ff0000 - 0x00007ff9d305f000 	C:\windows\System32\WS2_32.dll
0x00007ff9cec30000 - 0x00007ff9cec54000 	C:\windows\SYSTEM32\WINMM.dll
0x00007ff9cf250000 - 0x00007ff9cf25a000 	C:\windows\SYSTEM32\VERSION.dll
0x00007ff9ce890000 - 0x00007ff9ce8bd000 	C:\windows\SYSTEM32\WINMMBASE.dll
0x00007ff9d1f10000 - 0x00007ff9d1f5a000 	C:\windows\System32\cfgmgr32.dll
0x00007ff9c4d30000 - 0x00007ff9c4d3f000 	D:\Program Files\Java\jdk1.8.0_241\jre\bin\verify.dll
0x00007ff9c1450000 - 0x00007ff9c1479000 	D:\Program Files\Java\jdk1.8.0_241\jre\bin\java.dll
0x00007ff9c32f0000 - 0x00007ff9c3306000 	D:\Program Files\Java\jdk1.8.0_241\jre\bin\zip.dll
0x00007ff9d2500000 - 0x00007ff9d2be5000 	C:\windows\System32\SHELL32.dll
0x00007ff9d3790000 - 0x00007ff9d3839000 	C:\windows\System32\shcore.dll
0x00007ff9d16e0000 - 0x00007ff9d1e5f000 	C:\windows\System32\windows.storage.dll
0x00007ff9d12f0000 - 0x00007ff9d130f000 	C:\windows\System32\profapi.dll
0x00007ff9d12a0000 - 0x00007ff9d12ea000 	C:\windows\System32\powrprof.dll
0x00007ff9d1270000 - 0x00007ff9d1280000 	C:\windows\System32\UMPDC.dll
0x00007ff9d30d0000 - 0x00007ff9d3122000 	C:\windows\System32\shlwapi.dll
0x00007ff9d1280000 - 0x00007ff9d1291000 	C:\windows\System32\kernel.appcore.dll
0x00007ff9d20b0000 - 0x00007ff9d20c7000 	C:\windows\System32\cryptsp.dll
0x00007ff9bdbd0000 - 0x00007ff9bdbea000 	D:\Program Files\Java\jdk1.8.0_241\jre\bin\net.dll
0x00007ff9d0ae0000 - 0x00007ff9d0b47000 	C:\windows\system32\mswsock.dll
0x00007ff9c4c90000 - 0x00007ff9c4ca2000 	D:\Program Files\Java\jdk1.8.0_241\jre\bin\nio.dll
0x00007ff9d0650000 - 0x00007ff9d0683000 	C:\windows\system32\rsaenh.dll
0x00007ff9d2420000 - 0x00007ff9d2446000 	C:\windows\System32\bcrypt.dll
0x00007ff9d1190000 - 0x00007ff9d11b5000 	C:\windows\SYSTEM32\USERENV.dll
0x00007ff9d0cb0000 - 0x00007ff9d0cbc000 	C:\windows\SYSTEM32\CRYPTBASE.dll
0x00007ff9d07f0000 - 0x00007ff9d082a000 	C:\windows\SYSTEM32\IPHLPAPI.DLL
0x00007ff9d32a0000 - 0x00007ff9d32a8000 	C:\windows\System32\NSI.dll
0x00007ff9ca120000 - 0x00007ff9ca136000 	C:\windows\SYSTEM32\dhcpcsvc6.DLL
0x00007ff9ca160000 - 0x00007ff9ca17c000 	C:\windows\SYSTEM32\dhcpcsvc.DLL
0x00007ff9d0830000 - 0x00007ff9d08fa000 	C:\windows\SYSTEM32\DNSAPI.dll
0x00007ff9c1440000 - 0x00007ff9c144d000 	D:\Program Files\Java\jdk1.8.0_241\jre\bin\management.dll
0x00007ff9c1380000 - 0x00007ff9c1396000 	C:\windows\system32\napinsp.dll
0x00007ff9ae480000 - 0x00007ff9ae49a000 	C:\windows\system32\pnrpnsp.dll
0x00007ff9c1370000 - 0x00007ff9c137e000 	C:\windows\System32\winrnr.dll
0x00007ff9cd610000 - 0x00007ff9cd62c000 	C:\windows\system32\NLAapi.dll
0x00007ff9ccb90000 - 0x00007ff9ccba5000 	C:\windows\system32\wshbth.dll
0x00007ff9c12b0000 - 0x00007ff9c12ba000 	C:\Windows\System32\rasadhlp.dll
0x00007ff9c5430000 - 0x00007ff9c54a7000 	C:\windows\System32\fwpuclnt.dll

VM Arguments:
jvm_args: -Dio.netty.leakDetection.level=paranoid -Djava.awt.headless=true -Djava.security.manager=worker.org.gradle.process.internal.worker.child.BootstrapSecurityManager -Dorg.gradle.native=false -DtestGroups -Xmx512m -Dfile.encoding=GBK -Duser.country=CN -Duser.language=zh -Duser.variant -ea 
java_command: worker.org.gradle.process.internal.worker.GradleWorkerMain 'Gradle Test Executor 5'
java_class_path (initial): C:\Users\18766\.gradle\caches\6.8.3\workerMain\gradle-worker.jar
Launcher Type: SUN_STANDARD

Environment Variables:
JAVA_HOME=D:\Program Files\Java\jdk1.8.0_241
PATH=D:\Program Files (x86)\VMware\VMware Workstation\bin\;C:\Program Files (x86)\Common Files\Oracle\Java\javapath;C:\windows\system32;C:\windows;C:\windows\System32\Wbem;C:\windows\System32\WindowsPowerShell\v1.0\;C:\windows\System32\OpenSSH\;D:\Program Files\Git\cmd;D:\Program Files\Java\jdk1.8.0_241\bin;C:\Users\18766\AppData\Local\Microsoft\WindowsApps;D:\gradle-6.6\bin;D:\Program Files\apache-maven-3.6.3\bin;
USERNAME=18766
OS=Windows_NT
PROCESSOR_IDENTIFIER=Intel64 Family 6 Model 142 Stepping 10, GenuineIntel



---------------  S Y S T E M  ---------------

OS: Windows 10.0 , 64 bit Build 18362 (10.0.18362.329)

CPU:total 8 (initial active 8) (4 cores per cpu, 2 threads per core) family 6 model 142 stepping 10, cmov, cx8, fxsr, mmx, sse, sse2, sse3, ssse3, sse4.1, sse4.2, popcnt, avx, avx2, aes, clmul, erms, 3dnowpref, lzcnt, ht, tsc, tscinvbit, bmi1, bmi2, adx

Memory: 4k page, physical 16658532k(391820k free), swap 29665888k(6024k free)

vm_info: Java HotSpot(TM) 64-Bit Server VM (25.241-b07) for windows-amd64 JRE (1.8.0_241-b07), built on Dec 11 2019 10:21:40 by "rejava" with MS VC++ 10.0 (VS2010)

time: Tue Dec 05 17:25:13 2023
timezone: 中国标准时间
elapsed time: 20 seconds (0d 0h 0m 20s)

