#
# There is insufficient memory for the Java Runtime Environment to continue.
# Native memory allocation (malloc) failed to allocate 32744 bytes for ChunkPool::allocate
# Possible reasons:
#   The system is out of physical RAM or swap space
#   The process is running with CompressedOops enabled, and the Java Heap may be blocking the growth of the native heap
# Possible solutions:
#   Reduce memory load on the system
#   Increase physical memory or swap space
#   Check if swap backing store is full
#   Decrease Java heap size (-Xmx/-Xms)
#   Decrease number of Java threads
#   Decrease Java thread stack sizes (-Xss)
#   Set larger code cache with -XX:ReservedCodeCacheSize=
#   JVM is running with Unscaled Compressed Oops mode in which the Java heap is
#     placed in the first 4GB address space. The Java Heap base address is the
#     maximum limit for the native heap growth. Please use -XX:HeapBaseMinAddress
#     to set the Java Heap base and to place the Java Heap above 4GB virtual address.
# This output file may be truncated or incomplete.
#
#  Out of Memory Error (allocation.cpp:272), pid=15132, tid=0x0000000000003f84
#
# JRE version: Java(TM) SE Runtime Environment (8.0_241-b07) (build 1.8.0_241-b07)
# Java VM: Java HotSpot(TM) 64-Bit Server VM (25.241-b07 mixed mode windows-amd64 compressed oops)
# Failed to write core dump. Minidumps are not enabled by default on client versions of Windows
#

---------------  T H R E A D  ---------------

Current thread (0x0000000016c6a800):  JavaThread "C2 CompilerThread1" daemon [_thread_in_native, id=16260, stack(0x0000000017560000,0x0000000017660000)]

Stack: [0x0000000017560000,0x0000000017660000]
[error occurred during error reporting (printing stack bounds), id 0xc0000005]

Native frames: (J=compiled Java code, j=interpreted, Vv=VM code, C=native code)


Current CompileTask:
C2:   6725 1507       4       org.junit.platform.commons.util.AnnotationUtils::findMetaAnnotation (84 bytes)


---------------  P R O C E S S  ---------------

Java Threads: ( => current thread )
  0x0000000018783800 JavaThread "/127.0.0.1:51624 to /127.0.0.1:51617 workers Thread 3" [_thread_in_native, id=18160, stack(0x0000000019530000,0x0000000019630000)]
  0x0000000018173800 JavaThread "/127.0.0.1:51624 to /127.0.0.1:51617 workers Thread 2" [_thread_blocked, id=10008, stack(0x0000000019430000,0x0000000019530000)]
  0x000000001855b800 JavaThread "Test worker" [_thread_in_Java, id=8640, stack(0x0000000019330000,0x0000000019430000)]
  0x0000000016ce7800 JavaThread "Service Thread" daemon [_thread_blocked, id=14196, stack(0x0000000017860000,0x0000000017960000)]
  0x0000000016ce5000 JavaThread "C1 CompilerThread3" daemon [_thread_blocked, id=6528, stack(0x0000000017760000,0x0000000017860000)]
  0x0000000016cb1800 JavaThread "C2 CompilerThread2" daemon [_thread_in_native, id=8776, stack(0x0000000017660000,0x0000000017760000)]
=>0x0000000016c6a800 JavaThread "C2 CompilerThread1" daemon [_thread_in_native, id=16260, stack(0x0000000017560000,0x0000000017660000)]
  0x0000000016c6a000 JavaThread "C2 CompilerThread0" daemon [_thread_in_native, id=8820, stack(0x0000000017460000,0x0000000017560000)]
  0x0000000016c68000 JavaThread "Attach Listener" daemon [_thread_blocked, id=12632, stack(0x0000000017360000,0x0000000017460000)]
  0x0000000016c67000 JavaThread "Signal Dispatcher" daemon [_thread_blocked, id=12240, stack(0x0000000017260000,0x0000000017360000)]
  0x0000000016bd1800 JavaThread "Finalizer" daemon [_thread_blocked, id=17592, stack(0x00000000170b0000,0x00000000171b0000)]
  0x0000000016bd0800 JavaThread "Reference Handler" daemon [_thread_blocked, id=15648, stack(0x0000000016fb0000,0x00000000170b0000)]
  0x0000000002e5e800 JavaThread "main" [_thread_blocked, id=10528, stack(0x0000000003330000,0x0000000003430000)]

Other Threads:
  0x0000000014d98800 VMThread [stack: 0x0000000016ab0000,0x0000000016bb0000] [id=8568]
  0x0000000016d4f000 WatcherThread [stack: 0x0000000017960000,0x0000000017a60000] [id=4380]

VM state:not at safepoint (normal execution)

VM Mutex/Monitor currently owned by a thread: None

heap address: 0x00000000e0000000, size: 512 MB, Compressed Oops mode: 32-bit
Narrow klass base: 0x0000000000000000, Narrow klass shift: 3
Compressed class space size: 1073741824 Address: 0x0000000100000000

Heap:
 PSYoungGen      total 76288K, used 56382K [0x00000000f5580000, 0x00000000faa80000, 0x0000000100000000)
  eden space 65536K, 86% used [0x00000000f5580000,0x00000000f8c8fa50,0x00000000f9580000)
  from space 10752K, 0% used [0x00000000fa000000,0x00000000fa000000,0x00000000faa80000)
  to   space 10752K, 0% used [0x00000000f9580000,0x00000000f9580000,0x00000000fa000000)
 ParOldGen       total 175104K, used 0K [0x00000000e0000000, 0x00000000eab00000, 0x00000000f5580000)
  object space 175104K, 0% used [0x00000000e0000000,0x00000000e0000000,0x00000000eab00000)
 Metaspace       used 13442K, capacity 14068K, committed 14208K, reserved 1060864K
  class space    used 1678K, capacity 1830K, committed 1920K, reserved 1048576K

Card table byte_map: [0x00000000128f0000,0x0000000012a00000] byte_map_base: 0x00000000121f0000

Marking Bits: (ParMarkBitMap*) 0x000000005399be30
 Begin Bits: [0x00000000132b0000, 0x0000000013ab0000)
 End Bits:   [0x0000000013ab0000, 0x00000000142b0000)

Polling page: 0x00000000011f0000

CodeCache: size=245760Kb used=5212Kb max_used=5223Kb free=240547Kb
 bounds [0x0000000003530000, 0x0000000003a50000, 0x0000000012530000]
 total_blobs=1943 nmethods=1595 adapters=260
 compilation: enabled

Compilation events (10 events):
Event: 6.720 Thread 0x0000000016ce5000 nmethod 1590 0x0000000003a43210 code [0x0000000003a43380, 0x0000000003a43768]
Event: 6.720 Thread 0x0000000016ce5000 1591       3       org.junit.platform.engine.support.descriptor.AbstractTestDescriptor::<init> (49 bytes)
Event: 6.721 Thread 0x0000000016ce5000 nmethod 1591 0x0000000003a43890 code [0x0000000003a43b20, 0x0000000003a44ab8]
Event: 6.721 Thread 0x0000000016ce5000 1592       3       java.util.Collections::synchronizedSet (9 bytes)
Event: 6.722 Thread 0x0000000016ce5000 nmethod 1592 0x0000000003a45610 code [0x0000000003a457a0, 0x0000000003a45bc8]
Event: 6.722 Thread 0x0000000016ce5000 1593       3       java.util.Collections$SynchronizedSet::<init> (6 bytes)
Event: 6.722 Thread 0x0000000016ce5000 nmethod 1593 0x0000000003a45e50 code [0x0000000003a45fe0, 0x0000000003a46368]
Event: 6.722 Thread 0x0000000016ce5000 1594   !   3       org.junit.platform.engine.support.discovery.EngineDiscoveryRequestResolution::resolveCompletely (96 bytes)
Event: 6.723 Thread 0x0000000016ce5000 nmethod 1594 0x0000000003a46550 code [0x0000000003a467a0, 0x0000000003a474c8]
Event: 6.723 Thread 0x0000000016ce5000 1595       3       org.junit.platform.engine.support.discovery.EngineDiscoveryRequestResolution$$Lambda$91/1050744955::get$Lambda (10 bytes)

GC Heap History (0 events):
No events

Deoptimization events (10 events):
Event: 5.879 Thread 0x000000001855b800 Uncommon trap: reason=unstable_if action=reinterpret pc=0x00000000038dbee4 method=java.util.jar.Manifest$FastInputStream.readLine([BII)I @ 87
Event: 6.494 Thread 0x000000001855b800 Uncommon trap: reason=bimorphic action=maybe_recompile pc=0x000000000390a628 method=java.util.HashMap.putVal(ILjava/lang/Object;Ljava/lang/Object;ZZ)Ljava/lang/Object; @ 203
Event: 6.494 Thread 0x000000001855b800 Uncommon trap: reason=bimorphic action=maybe_recompile pc=0x000000000390a628 method=java.util.HashMap.putVal(ILjava/lang/Object;Ljava/lang/Object;ZZ)Ljava/lang/Object; @ 203
Event: 6.494 Thread 0x000000001855b800 Uncommon trap: reason=bimorphic action=maybe_recompile pc=0x000000000390a628 method=java.util.HashMap.putVal(ILjava/lang/Object;Ljava/lang/Object;ZZ)Ljava/lang/Object; @ 203
Event: 6.494 Thread 0x000000001855b800 Uncommon trap: reason=bimorphic action=maybe_recompile pc=0x000000000390a628 method=java.util.HashMap.putVal(ILjava/lang/Object;Ljava/lang/Object;ZZ)Ljava/lang/Object; @ 203
Event: 6.635 Thread 0x000000001855b800 Uncommon trap: reason=predicate action=maybe_recompile pc=0x0000000003a15d10 method=java.util.AbstractCollection.toArray([Ljava/lang/Object;)[Ljava/lang/Object; @ 49
Event: 6.647 Thread 0x000000001855b800 Uncommon trap: reason=array_check action=maybe_recompile pc=0x0000000003a13000 method=java.util.AbstractCollection.toArray([Ljava/lang/Object;)[Ljava/lang/Object; @ 119
Event: 6.647 Thread 0x000000001855b800 Uncommon trap: reason=array_check action=maybe_recompile pc=0x0000000003a13000 method=java.util.AbstractCollection.toArray([Ljava/lang/Object;)[Ljava/lang/Object; @ 119
Event: 6.647 Thread 0x000000001855b800 Uncommon trap: reason=array_check action=maybe_recompile pc=0x0000000003a13000 method=java.util.AbstractCollection.toArray([Ljava/lang/Object;)[Ljava/lang/Object; @ 119
Event: 6.647 Thread 0x000000001855b800 Uncommon trap: reason=array_check action=maybe_recompile pc=0x0000000003a13000 method=java.util.AbstractCollection.toArray([Ljava/lang/Object;)[Ljava/lang/Object; @ 119

Classes redefined (0 events):
No events

Internal exceptions (10 events):
Event: 1.630 Thread 0x0000000002e5e800 Exception <a 'java/security/PrivilegedActionException'> (0x00000000f60c95a0) thrown at [C:\ade\jenkins\workspace\8-2-build-windows-amd64-cygwin\jdk8u241\331\hotspot\src\share\vm\prims\jvm.cpp, line 1502]
Event: 1.634 Thread 0x0000000002e5e800 Exception <a 'java/security/PrivilegedActionException'> (0x00000000f610b8b0) thrown at [C:\ade\jenkins\workspace\8-2-build-windows-amd64-cygwin\jdk8u241\331\hotspot\src\share\vm\prims\jvm.cpp, line 1502]
Event: 1.634 Thread 0x0000000002e5e800 Exception <a 'java/security/PrivilegedActionException'> (0x00000000f610bca8) thrown at [C:\ade\jenkins\workspace\8-2-build-windows-amd64-cygwin\jdk8u241\331\hotspot\src\share\vm\prims\jvm.cpp, line 1502]
Event: 2.141 Thread 0x0000000002e5e800 Exception <a 'java/lang/ArrayIndexOutOfBoundsException'> (0x00000000f63f3268) thrown at [C:\ade\jenkins\workspace\8-2-build-windows-amd64-cygwin\jdk8u241\331\hotspot\src\share\vm\runtime\sharedRuntime.cpp, line 605]
Event: 2.141 Thread 0x0000000002e5e800 Exception <a 'java/lang/ArrayIndexOutOfBoundsException'> (0x00000000f63f4138) thrown at [C:\ade\jenkins\workspace\8-2-build-windows-amd64-cygwin\jdk8u241\331\hotspot\src\share\vm\runtime\sharedRuntime.cpp, line 605]
Event: 4.732 Thread 0x000000001855b800 Exception <a 'java/lang/NoSuchMethodError': java.lang.Object.lambda$or$2(Ljava/util/function/Predicate;Ljava/lang/Object;)Z> (0x00000000f71530e8) thrown at [C:\ade\jenkins\workspace\8-2-build-windows-amd64-cygwin\jdk8u241\331\hotspot\src\share\vm\interpre
Event: 4.921 Thread 0x000000001855b800 Exception <a 'java/lang/IncompatibleClassChangeError': Found class java.lang.Object, but interface was expected> (0x00000000f721a5e0) thrown at [C:\ade\jenkins\workspace\8-2-build-windows-amd64-cygwin\jdk8u241\331\hotspot\src\share\vm\interpreter\linkReso
Event: 5.588 Thread 0x000000001855b800 Exception <a 'java/lang/NoSuchMethodError': java.lang.Object.lambda$andThen$1(Ljava/util/function/Function;Ljava/lang/Object;)Ljava/lang/Object;> (0x00000000f7522940) thrown at [C:\ade\jenkins\workspace\8-2-build-windows-amd64-cygwin\jdk8u241\331\hotspot\
Event: 6.532 Thread 0x000000001855b800 Exception <a 'java/lang/IncompatibleClassChangeError': Found class java.lang.Object, but interface was expected> (0x00000000f87cc820) thrown at [C:\ade\jenkins\workspace\8-2-build-windows-amd64-cygwin\jdk8u241\331\hotspot\src\share\vm\interpreter\linkReso
Event: 6.534 Thread 0x000000001855b800 Exception <a 'java/lang/NoSuchMethodError': java.lang.Object.lambda$ofVoidMethod$0(Lorg/junit/jupiter/engine/execution/ExecutableInvoker$ReflectiveInterceptorCall$VoidMethodInterceptorCall;Lorg/junit/jupiter/api/extension/InvocationInterceptor;Lorg/junit/

Events (10 events):
Event: 6.647 Thread 0x000000001855b800 DEOPT UNPACKING pc=0x000000000357583b sp=0x000000001942c3e8 mode 2
Event: 6.647 Thread 0x000000001855b800 Uncommon trap: trap_request=0xffffffd6 fr.pc=0x0000000003a13000
Event: 6.647 Thread 0x000000001855b800 DEOPT PACKING pc=0x0000000003a13000 sp=0x000000001942c130
Event: 6.647 Thread 0x000000001855b800 DEOPT UNPACKING pc=0x000000000357583b sp=0x000000001942c0c8 mode 2
Event: 6.647 Thread 0x000000001855b800 Uncommon trap: trap_request=0xffffffd6 fr.pc=0x0000000003a13000
Event: 6.647 Thread 0x000000001855b800 DEOPT PACKING pc=0x0000000003a13000 sp=0x000000001942bfb0
Event: 6.647 Thread 0x000000001855b800 DEOPT UNPACKING pc=0x000000000357583b sp=0x000000001942bf48 mode 2
Event: 6.647 Thread 0x000000001855b800 Uncommon trap: trap_request=0xffffffd6 fr.pc=0x0000000003a13000
Event: 6.647 Thread 0x000000001855b800 DEOPT PACKING pc=0x0000000003a13000 sp=0x000000001942be20
Event: 6.647 Thread 0x000000001855b800 DEOPT UNPACKING pc=0x000000000357583b sp=0x000000001942bdb8 mode 2


Dynamic libraries:
0x00007ff77a680000 - 0x00007ff77a6b7000 	D:\Program Files\Java\jdk1.8.0_241\bin\java.exe
0x00007ff9d43a0000 - 0x00007ff9d4590000 	C:\windows\SYSTEM32\ntdll.dll
0x00007ff9d4140000 - 0x00007ff9d41f2000 	C:\windows\System32\KERNEL32.DLL
0x00007ff9d2170000 - 0x00007ff9d2413000 	C:\windows\System32\KERNELBASE.dll
0x00007ff9d2450000 - 0x00007ff9d24f3000 	C:\windows\System32\ADVAPI32.dll
0x00007ff9d3840000 - 0x00007ff9d38de000 	C:\windows\System32\msvcrt.dll
0x00007ff9d2e90000 - 0x00007ff9d2f27000 	C:\windows\System32\sechost.dll
0x00007ff9d2cc0000 - 0x00007ff9d2de0000 	C:\windows\System32\RPCRT4.dll
0x00007ff9d35f0000 - 0x00007ff9d3784000 	C:\windows\System32\USER32.dll
0x00007ff9d14b0000 - 0x00007ff9d14d1000 	C:\windows\System32\win32u.dll
0x00007ff9d3ea0000 - 0x00007ff9d3ec6000 	C:\windows\System32\GDI32.dll
0x00007ff9d14e0000 - 0x00007ff9d1674000 	C:\windows\System32\gdi32full.dll
0x00007ff9d20d0000 - 0x00007ff9d216e000 	C:\windows\System32\msvcp_win.dll
0x00007ff9d13b0000 - 0x00007ff9d14aa000 	C:\windows\System32\ucrtbase.dll
0x00007ff9c3dd0000 - 0x00007ff9c4055000 	C:\windows\WinSxS\amd64_microsoft.windows.common-controls_6595b64144ccf1df_6.0.18362.592_none_e6c0b1911312be02\COMCTL32.dll
0x00007ff9d32b0000 - 0x00007ff9d35e6000 	C:\windows\System32\combase.dll
0x00007ff9d1330000 - 0x00007ff9d13b0000 	C:\windows\System32\bcryptPrimitives.dll
0x00007ff9d2f40000 - 0x00007ff9d2f6e000 	C:\windows\System32\IMM32.DLL
0x00000000540e0000 - 0x00000000541b2000 	D:\Program Files\Java\jdk1.8.0_241\jre\bin\msvcr100.dll
0x0000000053170000 - 0x0000000053a1c000 	D:\Program Files\Java\jdk1.8.0_241\jre\bin\server\jvm.dll
0x00007ff9d2f30000 - 0x00007ff9d2f38000 	C:\windows\System32\PSAPI.DLL
0x00007ff9cf2e0000 - 0x00007ff9cf2e9000 	C:\windows\SYSTEM32\WSOCK32.dll
0x00007ff9d2ff0000 - 0x00007ff9d305f000 	C:\windows\System32\WS2_32.dll
0x00007ff9cec30000 - 0x00007ff9cec54000 	C:\windows\SYSTEM32\WINMM.dll
0x00007ff9cf250000 - 0x00007ff9cf25a000 	C:\windows\SYSTEM32\VERSION.dll
0x00007ff9ce890000 - 0x00007ff9ce8bd000 	C:\windows\SYSTEM32\winmmbase.dll
0x00007ff9d1f10000 - 0x00007ff9d1f5a000 	C:\windows\System32\cfgmgr32.dll
0x00007ff9c4d30000 - 0x00007ff9c4d3f000 	D:\Program Files\Java\jdk1.8.0_241\jre\bin\verify.dll
0x00007ff9c1450000 - 0x00007ff9c1479000 	D:\Program Files\Java\jdk1.8.0_241\jre\bin\java.dll
0x00007ff9c32f0000 - 0x00007ff9c3306000 	D:\Program Files\Java\jdk1.8.0_241\jre\bin\zip.dll
0x00007ff9d2500000 - 0x00007ff9d2be5000 	C:\windows\System32\SHELL32.dll
0x00007ff9d3790000 - 0x00007ff9d3839000 	C:\windows\System32\shcore.dll
0x00007ff9d16e0000 - 0x00007ff9d1e5f000 	C:\windows\System32\windows.storage.dll
0x00007ff9d12f0000 - 0x00007ff9d130f000 	C:\windows\System32\profapi.dll
0x00007ff9d12a0000 - 0x00007ff9d12ea000 	C:\windows\System32\powrprof.dll
0x00007ff9d1270000 - 0x00007ff9d1280000 	C:\windows\System32\UMPDC.dll
0x00007ff9d30d0000 - 0x00007ff9d3122000 	C:\windows\System32\shlwapi.dll
0x00007ff9d1280000 - 0x00007ff9d1291000 	C:\windows\System32\kernel.appcore.dll
0x00007ff9d20b0000 - 0x00007ff9d20c7000 	C:\windows\System32\cryptsp.dll
0x00007ff9bdbd0000 - 0x00007ff9bdbea000 	D:\Program Files\Java\jdk1.8.0_241\jre\bin\net.dll
0x00007ff9d0ae0000 - 0x00007ff9d0b47000 	C:\windows\system32\mswsock.dll
0x00007ff9c4c90000 - 0x00007ff9c4ca2000 	D:\Program Files\Java\jdk1.8.0_241\jre\bin\nio.dll
0x00007ff9d0650000 - 0x00007ff9d0683000 	C:\windows\system32\rsaenh.dll
0x00007ff9d2420000 - 0x00007ff9d2446000 	C:\windows\System32\bcrypt.dll
0x00007ff9d1190000 - 0x00007ff9d11b5000 	C:\windows\SYSTEM32\USERENV.dll
0x00007ff9d0cb0000 - 0x00007ff9d0cbc000 	C:\windows\SYSTEM32\CRYPTBASE.dll
0x00007ff9d07f0000 - 0x00007ff9d082a000 	C:\windows\SYSTEM32\IPHLPAPI.DLL
0x00007ff9d32a0000 - 0x00007ff9d32a8000 	C:\windows\System32\NSI.dll
0x00007ff9ca120000 - 0x00007ff9ca136000 	C:\windows\SYSTEM32\dhcpcsvc6.DLL
0x00007ff9ca160000 - 0x00007ff9ca17c000 	C:\windows\SYSTEM32\dhcpcsvc.DLL
0x00007ff9d0830000 - 0x00007ff9d08fa000 	C:\windows\SYSTEM32\DNSAPI.dll

VM Arguments:
jvm_args: -Dio.netty.leakDetection.level=paranoid -Djava.awt.headless=true -Djava.security.manager=worker.org.gradle.process.internal.worker.child.BootstrapSecurityManager -Dorg.gradle.native=false -DtestGroups -Xmx512m -Dfile.encoding=GBK -Duser.country=CN -Duser.language=zh -Duser.variant -ea 
java_command: worker.org.gradle.process.internal.worker.GradleWorkerMain 'Gradle Test Executor 6'
java_class_path (initial): C:\Users\18766\.gradle\caches\6.8.3\workerMain\gradle-worker.jar
Launcher Type: SUN_STANDARD

Environment Variables:
JAVA_HOME=D:\Program Files\Java\jdk1.8.0_241
PATH=D:\Program Files (x86)\VMware\VMware Workstation\bin\;C:\Program Files (x86)\Common Files\Oracle\Java\javapath;C:\windows\system32;C:\windows;C:\windows\System32\Wbem;C:\windows\System32\WindowsPowerShell\v1.0\;C:\windows\System32\OpenSSH\;D:\Program Files\Git\cmd;D:\Program Files\Java\jdk1.8.0_241\bin;C:\Users\18766\AppData\Local\Microsoft\WindowsApps;D:\gradle-6.6\bin;D:\Program Files\apache-maven-3.6.3\bin;
USERNAME=18766
OS=Windows_NT
PROCESSOR_IDENTIFIER=Intel64 Family 6 Model 142 Stepping 10, GenuineIntel



---------------  S Y S T E M  ---------------

OS: Windows 10.0 , 64 bit Build 18362 (10.0.18362.329)

CPU:total 8 (initial active 8) (4 cores per cpu, 2 threads per core) family 6 model 142 stepping 10, cmov, cx8, fxsr, mmx, sse, sse2, sse3, ssse3, sse4.1, sse4.2, popcnt, avx, avx2, aes, clmul, erms, 3dnowpref, lzcnt, ht, tsc, tscinvbit, bmi1, bmi2, adx

Memory: 4k page, physical 16658532k(369684k free), swap 29665888k(4116k free)

vm_info: Java HotSpot(TM) 64-Bit Server VM (25.241-b07) for windows-amd64 JRE (1.8.0_241-b07), built on Dec 11 2019 10:21:40 by "rejava" with MS VC++ 10.0 (VS2010)

time: Tue Dec 05 17:25:02 2023
timezone: 中国标准时间
elapsed time: 6 seconds (0d 0h 0m 6s)

