#
# There is insufficient memory for the Java Runtime Environment to continue.
# Native memory allocation (malloc) failed to allocate 32744 bytes for ChunkPool::allocate
# Possible reasons:
#   The system is out of physical RAM or swap space
#   The process is running with CompressedOops enabled, and the Java Heap may be blocking the growth of the native heap
# Possible solutions:
#   Reduce memory load on the system
#   Increase physical memory or swap space
#   Check if swap backing store is full
#   Decrease Java heap size (-Xmx/-Xms)
#   Decrease number of Java threads
#   Decrease Java thread stack sizes (-Xss)
#   Set larger code cache with -XX:ReservedCodeCacheSize=
#   JVM is running with Unscaled Compressed Oops mode in which the Java heap is
#     placed in the first 4GB address space. The Java Heap base address is the
#     maximum limit for the native heap growth. Please use -XX:HeapBaseMinAddress
#     to set the Java Heap base and to place the Java Heap above 4GB virtual address.
# This output file may be truncated or incomplete.
#
#  Out of Memory Error (allocation.cpp:272), pid=10412, tid=0x0000000000000d74
#
# JRE version: Java(TM) SE Runtime Environment (8.0_241-b07) (build 1.8.0_241-b07)
# Java VM: Java HotSpot(TM) 64-Bit Server VM (25.241-b07 mixed mode windows-amd64 compressed oops)
# Failed to write core dump. Minidumps are not enabled by default on client versions of Windows
#

---------------  T H R E A D  ---------------

Current thread (0x000000001689a000):  JavaThread "C2 CompilerThread0" daemon [_thread_in_native, id=3444, stack(0x00000000170f0000,0x00000000171f0000)]

Stack: [0x00000000170f0000,0x00000000171f0000]
[error occurred during error reporting (printing stack bounds), id 0xc0000005]

Native frames: (J=compiled Java code, j=interpreted, Vv=VM code, C=native code)


Current CompileTask:
C2:  25723 3473   !   4       java.net.URLClassLoader::definePackageInternal (81 bytes)


---------------  P R O C E S S  ---------------

Java Threads: ( => current thread )
  0x000000001a57e800 JavaThread "parallel-1" daemon [_thread_new, id=10736, stack(0x0000000000000000,0x0000000000000000)]
  0x0000000018be3000 JavaThread "ThreadPoolTaskExecutor-1" [_thread_blocked, id=13208, stack(0x000000001f050000,0x000000001f150000)]
  0x0000000018be6000 JavaThread "ThreadPoolTaskExecutor-1" [_thread_blocked, id=7052, stack(0x000000001dca0000,0x000000001dda0000)]
  0x0000000018be4800 JavaThread "ThreadPoolTaskExecutor-1" [_thread_blocked, id=11100, stack(0x000000001cb70000,0x000000001cc70000)]
  0x0000000018be4000 JavaThread "ThreadPoolTaskExecutor-1" [_thread_blocked, id=11792, stack(0x00000000194c0000,0x00000000195c0000)]
  0x0000000018421800 JavaThread "/127.0.0.1:52070 to /127.0.0.1:52067 workers Thread 3" [_thread_in_native, id=10544, stack(0x00000000191c0000,0x00000000192c0000)]
  0x0000000017eda000 JavaThread "/127.0.0.1:52070 to /127.0.0.1:52067 workers Thread 2" [_thread_blocked, id=17340, stack(0x00000000190c0000,0x00000000191c0000)]
  0x0000000017eee000 JavaThread "Test worker" [_thread_blocked, id=8672, stack(0x0000000018fc0000,0x00000000190c0000)]
  0x000000001690e000 JavaThread "Service Thread" daemon [_thread_blocked, id=916, stack(0x00000000174f0000,0x00000000175f0000)]
  0x00000000168f8000 JavaThread "C1 CompilerThread3" daemon [_thread_blocked, id=11880, stack(0x00000000173f0000,0x00000000174f0000)]
  0x00000000168f4000 JavaThread "C2 CompilerThread2" daemon [_thread_in_native, id=17060, stack(0x00000000172f0000,0x00000000173f0000)]
  0x00000000168f1000 JavaThread "C2 CompilerThread1" daemon [_thread_in_native, id=16820, stack(0x00000000171f0000,0x00000000172f0000)]
=>0x000000001689a000 JavaThread "C2 CompilerThread0" daemon [_thread_in_native, id=3444, stack(0x00000000170f0000,0x00000000171f0000)]
  0x0000000016898000 JavaThread "Attach Listener" daemon [_thread_blocked, id=4680, stack(0x0000000016ff0000,0x00000000170f0000)]
  0x0000000016897000 JavaThread "Signal Dispatcher" daemon [_thread_blocked, id=6604, stack(0x0000000016ef0000,0x0000000016ff0000)]
  0x0000000016801800 JavaThread "Finalizer" daemon [_thread_blocked, id=16772, stack(0x0000000016ce0000,0x0000000016de0000)]
  0x0000000016800800 JavaThread "Reference Handler" daemon [_thread_blocked, id=19248, stack(0x0000000016be0000,0x0000000016ce0000)]
  0x000000000148e800 JavaThread "main" [_thread_blocked, id=9040, stack(0x0000000002fa0000,0x00000000030a0000)]

Other Threads:
  0x0000000014a08800 VMThread [stack: 0x00000000166e0000,0x00000000167e0000] [id=16336]
  0x0000000016941800 WatcherThread [stack: 0x00000000175f0000,0x00000000176f0000] [id=3020]

VM state:not at safepoint (normal execution)

VM Mutex/Monitor currently owned by a thread: None

heap address: 0x00000000e0000000, size: 512 MB, Compressed Oops mode: 32-bit
Narrow klass base: 0x0000000000000000, Narrow klass shift: 3
Compressed class space size: 1073741824 Address: 0x0000000100000000

Heap:
 PSYoungGen      total 139264K, used 54024K [0x00000000f5580000, 0x00000000fee80000, 0x0000000100000000)
  eden space 127488K, 36% used [0x00000000f5580000,0x00000000f82c4e28,0x00000000fd200000)
  from space 11776K, 65% used [0x00000000fdd00000,0x00000000fe47d3f8,0x00000000fe880000)
  to   space 11264K, 0% used [0x00000000fd200000,0x00000000fd200000,0x00000000fdd00000)
 ParOldGen       total 162304K, used 9359K [0x00000000e0000000, 0x00000000e9e80000, 0x00000000f5580000)
  object space 162304K, 5% used [0x00000000e0000000,0x00000000e0923d98,0x00000000e9e80000)
 Metaspace       used 44716K, capacity 46782K, committed 47024K, reserved 1089536K
  class space    used 6387K, capacity 6771K, committed 6832K, reserved 1048576K

Card table byte_map: [0x0000000012560000,0x0000000012670000] byte_map_base: 0x0000000011e60000

Marking Bits: (ParMarkBitMap*) 0x000000005399be30
 Begin Bits: [0x0000000012f20000, 0x0000000013720000)
 End Bits:   [0x0000000013720000, 0x0000000013f20000)

Polling page: 0x0000000001410000

CodeCache: size=245760Kb used=9588Kb max_used=9994Kb free=236171Kb
 bounds [0x00000000031a0000, 0x0000000003b70000, 0x00000000121a0000]
 total_blobs=3741 nmethods=3237 adapters=416
 compilation: enabled

Compilation events (10 events):
Event: 25.684 Thread 0x00000000168f8000 3544       3       java.lang.invoke.MemberName::equals (69 bytes)
Event: 25.686 Thread 0x00000000168f8000 nmethod 3544 0x0000000003374fd0 code [0x0000000003375220, 0x0000000003376438]
Event: 25.686 Thread 0x00000000168f8000 3545       3       java.lang.invoke.MethodHandle::bindTo (19 bytes)
Event: 25.687 Thread 0x00000000168f8000 nmethod 3545 0x00000000037da990 code [0x00000000037dab60, 0x00000000037db3c8]
Event: 25.687 Thread 0x00000000168f8000 3546       3       java.lang.invoke.MethodHandle::bindArgumentL (10 bytes)
Event: 25.687 Thread 0x00000000168f8000 nmethod 3546 0x00000000037d9d50 code [0x00000000037d9f00, 0x00000000037da588]
Event: 25.687 Thread 0x00000000168f8000 3547       3       java.lang.invoke.LambdaFormEditor::bindArgumentL (59 bytes)
Event: 25.687 Thread 0x00000000168f8000 nmethod 3547 0x0000000003367410 code [0x00000000033675a0, 0x0000000003367888]
Event: 25.688 Thread 0x00000000168f8000 3548       3       java.lang.invoke.LambdaFormEditor::bindArgumentType (101 bytes)
Event: 25.688 Thread 0x00000000168f8000 nmethod 3548 0x0000000003506e10 code [0x0000000003506f80, 0x0000000003507268]

GC Heap History (10 events):
Event: 12.433 GC heap before
{Heap before GC invocations=4 (full 1):
 PSYoungGen      total 76288K, used 65536K [0x00000000f5580000, 0x00000000fea80000, 0x0000000100000000)
  eden space 65536K, 100% used [0x00000000f5580000,0x00000000f9580000,0x00000000f9580000)
  from space 10752K, 0% used [0x00000000fa000000,0x00000000fa000000,0x00000000faa80000)
  to   space 10752K, 0% used [0x00000000f9580000,0x00000000f9580000,0x00000000fa000000)
 ParOldGen       total 120832K, used 9724K [0x00000000e0000000, 0x00000000e7600000, 0x00000000f5580000)
  object space 120832K, 8% used [0x00000000e0000000,0x00000000e097f100,0x00000000e7600000)
 Metaspace       used 27086K, capacity 28662K, committed 28720K, reserved 1075200K
  class space    used 3551K, capacity 3851K, committed 3888K, reserved 1048576K
Event: 12.463 GC heap after
Heap after GC invocations=4 (full 1):
 PSYoungGen      total 76288K, used 6903K [0x00000000f5580000, 0x00000000fbd00000, 0x0000000100000000)
  eden space 65536K, 0% used [0x00000000f5580000,0x00000000f5580000,0x00000000f9580000)
  from space 10752K, 64% used [0x00000000f9580000,0x00000000f9c3df50,0x00000000fa000000)
  to   space 10752K, 0% used [0x00000000fb280000,0x00000000fb280000,0x00000000fbd00000)
 ParOldGen       total 120832K, used 9732K [0x00000000e0000000, 0x00000000e7600000, 0x00000000f5580000)
  object space 120832K, 8% used [0x00000000e0000000,0x00000000e0981100,0x00000000e7600000)
 Metaspace       used 27086K, capacity 28662K, committed 28720K, reserved 1075200K
  class space    used 3551K, capacity 3851K, committed 3888K, reserved 1048576K
}
Event: 15.415 GC heap before
{Heap before GC invocations=5 (full 1):
 PSYoungGen      total 76288K, used 72439K [0x00000000f5580000, 0x00000000fbd00000, 0x0000000100000000)
  eden space 65536K, 100% used [0x00000000f5580000,0x00000000f9580000,0x00000000f9580000)
  from space 10752K, 64% used [0x00000000f9580000,0x00000000f9c3df50,0x00000000fa000000)
  to   space 10752K, 0% used [0x00000000fb280000,0x00000000fb280000,0x00000000fbd00000)
 ParOldGen       total 120832K, used 9732K [0x00000000e0000000, 0x00000000e7600000, 0x00000000f5580000)
  object space 120832K, 8% used [0x00000000e0000000,0x00000000e0981100,0x00000000e7600000)
 Metaspace       used 33347K, capacity 34984K, committed 35376K, reserved 1079296K
  class space    used 4505K, capacity 4802K, committed 4912K, reserved 1048576K
Event: 15.438 GC heap after
Heap after GC invocations=5 (full 1):
 PSYoungGen      total 91136K, used 7789K [0x00000000f5580000, 0x00000000fbb00000, 0x0000000100000000)
  eden space 82432K, 0% used [0x00000000f5580000,0x00000000f5580000,0x00000000fa600000)
  from space 8704K, 89% used [0x00000000fb280000,0x00000000fba1b798,0x00000000fbb00000)
  to   space 10752K, 0% used [0x00000000fa600000,0x00000000fa600000,0x00000000fb080000)
 ParOldGen       total 120832K, used 9740K [0x00000000e0000000, 0x00000000e7600000, 0x00000000f5580000)
  object space 120832K, 8% used [0x00000000e0000000,0x00000000e0983100,0x00000000e7600000)
 Metaspace       used 33347K, capacity 34984K, committed 35376K, reserved 1079296K
  class space    used 4505K, capacity 4802K, committed 4912K, reserved 1048576K
}
Event: 15.639 GC heap before
{Heap before GC invocations=6 (full 1):
 PSYoungGen      total 91136K, used 13986K [0x00000000f5580000, 0x00000000fbb00000, 0x0000000100000000)
  eden space 82432K, 7% used [0x00000000f5580000,0x00000000f5b8d148,0x00000000fa600000)
  from space 8704K, 89% used [0x00000000fb280000,0x00000000fba1b798,0x00000000fbb00000)
  to   space 10752K, 0% used [0x00000000fa600000,0x00000000fa600000,0x00000000fb080000)
 ParOldGen       total 120832K, used 9740K [0x00000000e0000000, 0x00000000e7600000, 0x00000000f5580000)
  object space 120832K, 8% used [0x00000000e0000000,0x00000000e0983100,0x00000000e7600000)
 Metaspace       used 33698K, capacity 35336K, committed 35496K, reserved 1079296K
  class space    used 4579K, capacity 4898K, committed 4912K, reserved 1048576K
Event: 15.673 GC heap after
Heap after GC invocations=6 (full 1):
 PSYoungGen      total 93184K, used 2676K [0x00000000f5580000, 0x00000000fe880000, 0x0000000100000000)
  eden space 82432K, 0% used [0x00000000f5580000,0x00000000f5580000,0x00000000fa600000)
  from space 10752K, 24% used [0x00000000fa600000,0x00000000fa89d3f0,0x00000000fb080000)
  to   space 11776K, 0% used [0x00000000fdd00000,0x00000000fdd00000,0x00000000fe880000)
 ParOldGen       total 120832K, used 9740K [0x00000000e0000000, 0x00000000e7600000, 0x00000000f5580000)
  object space 120832K, 8% used [0x00000000e0000000,0x00000000e0983100,0x00000000e7600000)
 Metaspace       used 33698K, capacity 35336K, committed 35496K, reserved 1079296K
  class space    used 4579K, capacity 4898K, committed 4912K, reserved 1048576K
}
Event: 15.673 GC heap before
{Heap before GC invocations=7 (full 2):
 PSYoungGen      total 93184K, used 2676K [0x00000000f5580000, 0x00000000fe880000, 0x0000000100000000)
  eden space 82432K, 0% used [0x00000000f5580000,0x00000000f5580000,0x00000000fa600000)
  from space 10752K, 24% used [0x00000000fa600000,0x00000000fa89d3f0,0x00000000fb080000)
  to   space 11776K, 0% used [0x00000000fdd00000,0x00000000fdd00000,0x00000000fe880000)
 ParOldGen       total 120832K, used 9740K [0x00000000e0000000, 0x00000000e7600000, 0x00000000f5580000)
  object space 120832K, 8% used [0x00000000e0000000,0x00000000e0983100,0x00000000e7600000)
 Metaspace       used 33698K, capacity 35336K, committed 35496K, reserved 1079296K
  class space    used 4579K, capacity 4898K, committed 4912K, reserved 1048576K
Event: 15.767 GC heap after
Heap after GC invocations=7 (full 2):
 PSYoungGen      total 93184K, used 0K [0x00000000f5580000, 0x00000000fe880000, 0x0000000100000000)
  eden space 82432K, 0% used [0x00000000f5580000,0x00000000f5580000,0x00000000fa600000)
  from space 10752K, 0% used [0x00000000fa600000,0x00000000fa600000,0x00000000fb080000)
  to   space 11776K, 0% used [0x00000000fdd00000,0x00000000fdd00000,0x00000000fe880000)
 ParOldGen       total 162304K, used 9351K [0x00000000e0000000, 0x00000000e9e80000, 0x00000000f5580000)
  object space 162304K, 5% used [0x00000000e0000000,0x00000000e0921d98,0x00000000e9e80000)
 Metaspace       used 33698K, capacity 35336K, committed 35496K, reserved 1079296K
  class space    used 4579K, capacity 4898K, committed 4912K, reserved 1048576K
}
Event: 22.692 GC heap before
{Heap before GC invocations=8 (full 2):
 PSYoungGen      total 93184K, used 82432K [0x00000000f5580000, 0x00000000fe880000, 0x0000000100000000)
  eden space 82432K, 100% used [0x00000000f5580000,0x00000000fa600000,0x00000000fa600000)
  from space 10752K, 0% used [0x00000000fa600000,0x00000000fa600000,0x00000000fb080000)
  to   space 11776K, 0% used [0x00000000fdd00000,0x00000000fdd00000,0x00000000fe880000)
 ParOldGen       total 162304K, used 9351K [0x00000000e0000000, 0x00000000e9e80000, 0x00000000f5580000)
  object space 162304K, 5% used [0x00000000e0000000,0x00000000e0921d98,0x00000000e9e80000)
 Metaspace       used 40938K, capacity 42846K, committed 43056K, reserved 1085440K
  class space    used 5728K, capacity 6069K, committed 6192K, reserved 1048576K
Event: 23.026 GC heap after
Heap after GC invocations=8 (full 2):
 PSYoungGen      total 139264K, used 7668K [0x00000000f5580000, 0x00000000fee80000, 0x0000000100000000)
  eden space 127488K, 0% used [0x00000000f5580000,0x00000000f5580000,0x00000000fd200000)
  from space 11776K, 65% used [0x00000000fdd00000,0x00000000fe47d3f8,0x00000000fe880000)
  to   space 11264K, 0% used [0x00000000fd200000,0x00000000fd200000,0x00000000fdd00000)
 ParOldGen       total 162304K, used 9359K [0x00000000e0000000, 0x00000000e9e80000, 0x00000000f5580000)
  object space 162304K, 5% used [0x00000000e0000000,0x00000000e0923d98,0x00000000e9e80000)
 Metaspace       used 40938K, capacity 42846K, committed 43056K, reserved 1085440K
  class space    used 5728K, capacity 6069K, committed 6192K, reserved 1048576K
}

Deoptimization events (10 events):
Event: 22.276 Thread 0x0000000017eee000 Uncommon trap: reason=unstable_if action=reinterpret pc=0x00000000038d55dc method=java.util.jar.JarFile.maybeInstantiateVerifier()V @ 21
Event: 22.451 Thread 0x0000000017eee000 Uncommon trap: reason=predicate action=maybe_recompile pc=0x0000000003b0c084 method=java.util.TimSort.binarySort([Ljava/lang/Object;IIILjava/util/Comparator;)V @ 37
Event: 22.453 Thread 0x0000000017eee000 Uncommon trap: reason=unstable_if action=reinterpret pc=0x000000000384a140 method=java.util.HashMap.hash(Ljava/lang/Object;)I @ 1
Event: 23.135 Thread 0x0000000017eee000 Uncommon trap: reason=unstable_if action=reinterpret pc=0x00000000035b3d64 method=org.springframework.util.ConcurrentReferenceHashMap$Segment.restructureIfNecessary(Z)V @ 21
Event: 23.185 Thread 0x0000000017eee000 Uncommon trap: reason=unstable_if action=reinterpret pc=0x00000000035a16ec method=sun.misc.Launcher$AppClassLoader.loadClass(Ljava/lang/String;Z)Ljava/lang/Class; @ 9
Event: 25.465 Thread 0x0000000017eee000 Uncommon trap: reason=unstable_if action=reinterpret pc=0x00000000039349b4 method=sun.reflect.annotation.AnnotationInvocationHandler.invoke(Ljava/lang/Object;Ljava/lang/reflect/Method;[Ljava/lang/Object;)Ljava/lang/Object; @ 263
Event: 25.466 Thread 0x0000000017eee000 Uncommon trap: reason=class_check action=maybe_recompile pc=0x00000000033c73e8 method=java.lang.String.equals(Ljava/lang/Object;)Z @ 8
Event: 25.551 Thread 0x0000000017eee000 Uncommon trap: reason=class_check action=maybe_recompile pc=0x00000000033c73e8 method=java.lang.String.equals(Ljava/lang/Object;)Z @ 8
Event: 25.551 Thread 0x0000000017eee000 Uncommon trap: reason=class_check action=maybe_recompile pc=0x00000000033c73e8 method=java.lang.String.equals(Ljava/lang/Object;)Z @ 8
Event: 25.551 Thread 0x0000000017eee000 Uncommon trap: reason=class_check action=maybe_recompile pc=0x00000000033c73e8 method=java.lang.String.equals(Ljava/lang/Object;)Z @ 8

Classes redefined (0 events):
No events

Internal exceptions (10 events):
Event: 16.962 Thread 0x0000000017eee000 Exception <a 'java/security/PrivilegedActionException'> (0x00000000f7491a78) thrown at [C:\ade\jenkins\workspace\8-2-build-windows-amd64-cygwin\jdk8u241\331\hotspot\src\share\vm\prims\jvm.cpp, line 1502]
Event: 16.962 Thread 0x0000000017eee000 Exception <a 'java/security/PrivilegedActionException'> (0x00000000f74a0a80) thrown at [C:\ade\jenkins\workspace\8-2-build-windows-amd64-cygwin\jdk8u241\331\hotspot\src\share\vm\prims\jvm.cpp, line 1502]
Event: 16.962 Thread 0x0000000017eee000 Exception <a 'java/security/PrivilegedActionException'> (0x00000000f74a1248) thrown at [C:\ade\jenkins\workspace\8-2-build-windows-amd64-cygwin\jdk8u241\331\hotspot\src\share\vm\prims\jvm.cpp, line 1502]
Event: 22.028 Thread 0x0000000017eee000 Exception <a 'java/lang/NoSuchMethodError': java.lang.Object.lambda$identity$2(Ljava/lang/Object;)Ljava/lang/Object;> (0x00000000f99eb8f0) thrown at [C:\ade\jenkins\workspace\8-2-build-windows-amd64-cygwin\jdk8u241\331\hotspot\src\share\vm\interpreter\lin
Event: 22.051 Thread 0x0000000017eee000 Exception <a 'java/lang/NoSuchMethodError': org.slf4j.impl.StaticMarkerBinder.getSingleton()Lorg/slf4j/impl/StaticMarkerBinder;> (0x00000000f9b0e058) thrown at [C:\ade\jenkins\workspace\8-2-build-windows-amd64-cygwin\jdk8u241\331\hotspot\src\share\vm\inte
Event: 22.276 Thread 0x0000000017eee000 Implicit null exception at 0x00000000038d51fb to 0x00000000038d55cd
Event: 22.423 Thread 0x0000000017eee000 Exception <a 'java/security/PrivilegedActionException'> (0x00000000fa165e60) thrown at [C:\ade\jenkins\workspace\8-2-build-windows-amd64-cygwin\jdk8u241\331\hotspot\src\share\vm\prims\jvm.cpp, line 1502]
Event: 22.424 Thread 0x0000000017eee000 Exception <a 'java/security/PrivilegedActionException'> (0x00000000fa166628) thrown at [C:\ade\jenkins\workspace\8-2-build-windows-amd64-cygwin\jdk8u241\331\hotspot\src\share\vm\prims\jvm.cpp, line 1502]
Event: 22.453 Thread 0x0000000017eee000 Implicit null exception at 0x00000000038495c2 to 0x000000000384a129
Event: 25.623 Thread 0x0000000017eee000 Exception <a 'java/lang/reflect/InvocationTargetException'> (0x00000000f7fbfb90) thrown at [C:\ade\jenkins\workspace\8-2-build-windows-amd64-cygwin\jdk8u241\331\hotspot\src\share\vm\runtime\reflection.cpp, line 1092]

Events (10 events):
Event: 25.687 loading class reactor/core/Disposables done
Event: 25.690 loading class reactor/core/Disposable$Swap
Event: 25.690 loading class reactor/core/Disposable$Swap done
Event: 25.690 loading class reactor/core/Disposable$Composite
Event: 25.691 loading class reactor/core/Disposable$Composite done
Event: 25.691 loading class reactor/core/Disposables$AlwaysDisposable
Event: 25.691 loading class reactor/core/Disposables$AlwaysDisposable done
Event: 25.691 loading class java/util/concurrent/ScheduledThreadPoolExecutor$ScheduledFutureTask
Event: 25.692 loading class java/util/concurrent/ScheduledThreadPoolExecutor$ScheduledFutureTask done
Event: 25.692 Thread 0x000000001a57e800 Thread added: 0x000000001a57e800


Dynamic libraries:
0x00007ff77a680000 - 0x00007ff77a6b7000 	D:\Program Files\Java\jdk1.8.0_241\bin\java.exe
0x00007ff9d43a0000 - 0x00007ff9d4590000 	C:\windows\SYSTEM32\ntdll.dll
0x00007ff9d4140000 - 0x00007ff9d41f2000 	C:\windows\System32\KERNEL32.DLL
0x00007ff9d2170000 - 0x00007ff9d2413000 	C:\windows\System32\KERNELBASE.dll
0x00007ff9d2450000 - 0x00007ff9d24f3000 	C:\windows\System32\ADVAPI32.dll
0x00007ff9d3840000 - 0x00007ff9d38de000 	C:\windows\System32\msvcrt.dll
0x00007ff9d2e90000 - 0x00007ff9d2f27000 	C:\windows\System32\sechost.dll
0x00007ff9d2cc0000 - 0x00007ff9d2de0000 	C:\windows\System32\RPCRT4.dll
0x00007ff9d35f0000 - 0x00007ff9d3784000 	C:\windows\System32\USER32.dll
0x00007ff9d14b0000 - 0x00007ff9d14d1000 	C:\windows\System32\win32u.dll
0x00007ff9d3ea0000 - 0x00007ff9d3ec6000 	C:\windows\System32\GDI32.dll
0x00007ff9d14e0000 - 0x00007ff9d1674000 	C:\windows\System32\gdi32full.dll
0x00007ff9d20d0000 - 0x00007ff9d216e000 	C:\windows\System32\msvcp_win.dll
0x00007ff9d13b0000 - 0x00007ff9d14aa000 	C:\windows\System32\ucrtbase.dll
0x00007ff9c3dd0000 - 0x00007ff9c4055000 	C:\windows\WinSxS\amd64_microsoft.windows.common-controls_6595b64144ccf1df_6.0.18362.592_none_e6c0b1911312be02\COMCTL32.dll
0x00007ff9d32b0000 - 0x00007ff9d35e6000 	C:\windows\System32\combase.dll
0x00007ff9d1330000 - 0x00007ff9d13b0000 	C:\windows\System32\bcryptPrimitives.dll
0x00007ff9d2f40000 - 0x00007ff9d2f6e000 	C:\windows\System32\IMM32.DLL
0x00000000540e0000 - 0x00000000541b2000 	D:\Program Files\Java\jdk1.8.0_241\jre\bin\msvcr100.dll
0x0000000053170000 - 0x0000000053a1c000 	D:\Program Files\Java\jdk1.8.0_241\jre\bin\server\jvm.dll
0x00007ff9d2f30000 - 0x00007ff9d2f38000 	C:\windows\System32\PSAPI.DLL
0x00007ff9cf2e0000 - 0x00007ff9cf2e9000 	C:\windows\SYSTEM32\WSOCK32.dll
0x00007ff9cec30000 - 0x00007ff9cec54000 	C:\windows\SYSTEM32\WINMM.dll
0x00007ff9d2ff0000 - 0x00007ff9d305f000 	C:\windows\System32\WS2_32.dll
0x00007ff9cf250000 - 0x00007ff9cf25a000 	C:\windows\SYSTEM32\VERSION.dll
0x00007ff9ce890000 - 0x00007ff9ce8bd000 	C:\windows\SYSTEM32\WINMMBASE.dll
0x00007ff9d1f10000 - 0x00007ff9d1f5a000 	C:\windows\System32\cfgmgr32.dll
0x00007ff9c4d30000 - 0x00007ff9c4d3f000 	D:\Program Files\Java\jdk1.8.0_241\jre\bin\verify.dll
0x00007ff9c1450000 - 0x00007ff9c1479000 	D:\Program Files\Java\jdk1.8.0_241\jre\bin\java.dll
0x00007ff9c32f0000 - 0x00007ff9c3306000 	D:\Program Files\Java\jdk1.8.0_241\jre\bin\zip.dll
0x00007ff9d2500000 - 0x00007ff9d2be5000 	C:\windows\System32\SHELL32.dll
0x00007ff9d3790000 - 0x00007ff9d3839000 	C:\windows\System32\shcore.dll
0x00007ff9d16e0000 - 0x00007ff9d1e5f000 	C:\windows\System32\windows.storage.dll
0x00007ff9d12f0000 - 0x00007ff9d130f000 	C:\windows\System32\profapi.dll
0x00007ff9d12a0000 - 0x00007ff9d12ea000 	C:\windows\System32\powrprof.dll
0x00007ff9d1270000 - 0x00007ff9d1280000 	C:\windows\System32\UMPDC.dll
0x00007ff9d30d0000 - 0x00007ff9d3122000 	C:\windows\System32\shlwapi.dll
0x00007ff9d1280000 - 0x00007ff9d1291000 	C:\windows\System32\kernel.appcore.dll
0x00007ff9d20b0000 - 0x00007ff9d20c7000 	C:\windows\System32\cryptsp.dll
0x00007ff9bdbd0000 - 0x00007ff9bdbea000 	D:\Program Files\Java\jdk1.8.0_241\jre\bin\net.dll
0x00007ff9d0ae0000 - 0x00007ff9d0b47000 	C:\windows\system32\mswsock.dll
0x00007ff9c4c90000 - 0x00007ff9c4ca2000 	D:\Program Files\Java\jdk1.8.0_241\jre\bin\nio.dll
0x00007ff9d0650000 - 0x00007ff9d0683000 	C:\windows\system32\rsaenh.dll
0x00007ff9d2420000 - 0x00007ff9d2446000 	C:\windows\System32\bcrypt.dll
0x00007ff9d1190000 - 0x00007ff9d11b5000 	C:\windows\SYSTEM32\USERENV.dll
0x00007ff9d0cb0000 - 0x00007ff9d0cbc000 	C:\windows\SYSTEM32\CRYPTBASE.dll
0x00007ff9d07f0000 - 0x00007ff9d082a000 	C:\windows\SYSTEM32\IPHLPAPI.DLL
0x00007ff9d32a0000 - 0x00007ff9d32a8000 	C:\windows\System32\NSI.dll
0x00007ff9ca120000 - 0x00007ff9ca136000 	C:\windows\SYSTEM32\dhcpcsvc6.DLL
0x00007ff9ca160000 - 0x00007ff9ca17c000 	C:\windows\SYSTEM32\dhcpcsvc.DLL
0x00007ff9d0830000 - 0x00007ff9d08fa000 	C:\windows\SYSTEM32\DNSAPI.dll
0x00007ff9c1440000 - 0x00007ff9c144d000 	D:\Program Files\Java\jdk1.8.0_241\jre\bin\management.dll
0x00007ff9c1380000 - 0x00007ff9c1396000 	C:\windows\system32\napinsp.dll
0x00007ff9ae480000 - 0x00007ff9ae49a000 	C:\windows\system32\pnrpnsp.dll
0x00007ff9c1370000 - 0x00007ff9c137e000 	C:\windows\System32\winrnr.dll
0x00007ff9cd610000 - 0x00007ff9cd62c000 	C:\windows\system32\NLAapi.dll
0x00007ff9ccb90000 - 0x00007ff9ccba5000 	C:\windows\system32\wshbth.dll
0x00007ff9c12b0000 - 0x00007ff9c12ba000 	C:\Windows\System32\rasadhlp.dll
0x00007ff9c5430000 - 0x00007ff9c54a7000 	C:\windows\System32\fwpuclnt.dll

VM Arguments:
jvm_args: -Dio.netty.leakDetection.level=paranoid -Djava.awt.headless=true -Djava.security.manager=worker.org.gradle.process.internal.worker.child.BootstrapSecurityManager -Dorg.gradle.native=false -DtestGroups -Xmx512m -Dfile.encoding=GBK -Duser.country=CN -Duser.language=zh -Duser.variant -ea 
java_command: worker.org.gradle.process.internal.worker.GradleWorkerMain 'Gradle Test Executor 3'
java_class_path (initial): C:\Users\18766\.gradle\caches\6.8.3\workerMain\gradle-worker.jar
Launcher Type: SUN_STANDARD

Environment Variables:
JAVA_HOME=D:\Program Files\Java\jdk1.8.0_241
PATH=D:\Program Files (x86)\VMware\VMware Workstation\bin\;C:\Program Files (x86)\Common Files\Oracle\Java\javapath;C:\windows\system32;C:\windows;C:\windows\System32\Wbem;C:\windows\System32\WindowsPowerShell\v1.0\;C:\windows\System32\OpenSSH\;D:\Program Files\Git\cmd;D:\Program Files\Java\jdk1.8.0_241\bin;C:\Users\18766\AppData\Local\Microsoft\WindowsApps;D:\gradle-6.6\bin;D:\Program Files\apache-maven-3.6.3\bin;
USERNAME=18766
OS=Windows_NT
PROCESSOR_IDENTIFIER=Intel64 Family 6 Model 142 Stepping 10, GenuineIntel



---------------  S Y S T E M  ---------------

OS: Windows 10.0 , 64 bit Build 18362 (10.0.18362.329)

CPU:total 8 (initial active 8) (4 cores per cpu, 2 threads per core) family 6 model 142 stepping 10, cmov, cx8, fxsr, mmx, sse, sse2, sse3, ssse3, sse4.1, sse4.2, popcnt, avx, avx2, aes, clmul, erms, 3dnowpref, lzcnt, ht, tsc, tscinvbit, bmi1, bmi2, adx

Memory: 4k page, physical 16658532k(1669516k free), swap 29665888k(4080k free)

vm_info: Java HotSpot(TM) 64-Bit Server VM (25.241-b07) for windows-amd64 JRE (1.8.0_241-b07), built on Dec 11 2019 10:21:40 by "rejava" with MS VC++ 10.0 (VS2010)

time: Tue Dec 05 17:30:18 2023
timezone: 中国标准时间
elapsed time: 25 seconds (0d 0h 0m 25s)

