#
# There is insufficient memory for the Java Runtime Environment to continue.
# Native memory allocation (malloc) failed to allocate 629008 bytes for Chunk::new
# Possible reasons:
#   The system is out of physical RAM or swap space
#   The process is running with CompressedOops enabled, and the Java Heap may be blocking the growth of the native heap
# Possible solutions:
#   Reduce memory load on the system
#   Increase physical memory or swap space
#   Check if swap backing store is full
#   Decrease Java heap size (-Xmx/-Xms)
#   Decrease number of Java threads
#   Decrease Java thread stack sizes (-Xss)
#   Set larger code cache with -XX:ReservedCodeCacheSize=
#   JVM is running with Unscaled Compressed Oops mode in which the Java heap is
#     placed in the first 4GB address space. The Java Heap base address is the
#     maximum limit for the native heap growth. Please use -XX:HeapBaseMinAddress
#     to set the Java Heap base and to place the Java Heap above 4GB virtual address.
# This output file may be truncated or incomplete.
#
#  Out of Memory Error (allocation.cpp:389), pid=3868, tid=0x0000000000003678
#
# JRE version: Java(TM) SE Runtime Environment (8.0_241-b07) (build 1.8.0_241-b07)
# Java VM: Java HotSpot(TM) 64-Bit Server VM (25.241-b07 mixed mode windows-amd64 compressed oops)
# Failed to write core dump. Minidumps are not enabled by default on client versions of Windows
#

---------------  T H R E A D  ---------------

Current thread (0x0000000015eb2000):  JavaThread "C2 CompilerThread1" daemon [_thread_in_native, id=13944, stack(0x00000000167b0000,0x00000000168b0000)]

Stack: [0x00000000167b0000,0x00000000168b0000]
[error occurred during error reporting (printing stack bounds), id 0xc0000005]

Native frames: (J=compiled Java code, j=interpreted, Vv=VM code, C=native code)


Current CompileTask:
C2:  18500 4222   !   4       org.springframework.util.ReflectionUtils::getDeclaredMethods (209 bytes)


---------------  P R O C E S S  ---------------

Java Threads: ( => current thread )
  0x0000000017421000 JavaThread "/127.0.0.1:51579 to /127.0.0.1:51576 workers Thread 3" [_thread_in_native, id=4640, stack(0x0000000018780000,0x0000000018880000)]
  0x0000000016faf800 JavaThread "/127.0.0.1:51579 to /127.0.0.1:51576 workers Thread 2" [_thread_blocked, id=13904, stack(0x0000000018680000,0x0000000018780000)]
  0x00000000173c5000 JavaThread "Test worker" [_thread_in_Java, id=12796, stack(0x0000000018580000,0x0000000018680000)]
  0x0000000015ebc000 JavaThread "Service Thread" daemon [_thread_blocked, id=15128, stack(0x0000000016ab0000,0x0000000016bb0000)]
  0x0000000015eb9000 JavaThread "C1 CompilerThread3" daemon [_thread_blocked, id=6968, stack(0x00000000169b0000,0x0000000016ab0000)]
  0x0000000015eb5000 JavaThread "C2 CompilerThread2" daemon [_thread_in_native, id=17256, stack(0x00000000168b0000,0x00000000169b0000)]
=>0x0000000015eb2000 JavaThread "C2 CompilerThread1" daemon [_thread_in_native, id=13944, stack(0x00000000167b0000,0x00000000168b0000)]
  0x0000000015e5b000 JavaThread "C2 CompilerThread0" daemon [_thread_in_native, id=9360, stack(0x00000000166b0000,0x00000000167b0000)]
  0x0000000015e59000 JavaThread "Attach Listener" daemon [_thread_blocked, id=19416, stack(0x00000000165b0000,0x00000000166b0000)]
  0x0000000015e58000 JavaThread "Signal Dispatcher" daemon [_thread_blocked, id=13816, stack(0x00000000164b0000,0x00000000165b0000)]
  0x0000000015dc1800 JavaThread "Finalizer" daemon [_thread_blocked, id=7444, stack(0x00000000162a0000,0x00000000163a0000)]
  0x0000000015dc0800 JavaThread "Reference Handler" daemon [_thread_blocked, id=1764, stack(0x00000000161a0000,0x00000000162a0000)]
  0x000000000252e800 JavaThread "main" [_thread_blocked, id=13480, stack(0x0000000002410000,0x0000000002510000)]

Other Threads:
  0x0000000013f98800 VMThread [stack: 0x0000000015ca0000,0x0000000015da0000] [id=19964]
  0x0000000015ed9800 WatcherThread [stack: 0x0000000016bb0000,0x0000000016cb0000] [id=2164]

VM state:not at safepoint (normal execution)

VM Mutex/Monitor currently owned by a thread: None

heap address: 0x00000000e0000000, size: 512 MB, Compressed Oops mode: 32-bit
Narrow klass base: 0x0000000000000000, Narrow klass shift: 3
Compressed class space size: 1073741824 Address: 0x0000000100000000

Heap:
 PSYoungGen      total 109056K, used 11274K [0x00000000f5580000, 0x0000000100000000, 0x0000000100000000)
  eden space 98304K, 11% used [0x00000000f5580000,0x00000000f6082a78,0x00000000fb580000)
  from space 10752K, 0% used [0x00000000fb580000,0x00000000fb580000,0x00000000fc000000)
  to   space 11264K, 0% used [0x00000000ff500000,0x00000000ff500000,0x0000000100000000)
 ParOldGen       total 151040K, used 12512K [0x00000000e0000000, 0x00000000e9380000, 0x00000000f5580000)
  object space 151040K, 8% used [0x00000000e0000000,0x00000000e0c38160,0x00000000e9380000)
 Metaspace       used 33607K, capacity 35582K, committed 35800K, reserved 1079296K
  class space    used 4781K, capacity 5125K, committed 5248K, reserved 1048576K

Card table byte_map: [0x0000000011af0000,0x0000000011c00000] byte_map_base: 0x00000000113f0000

Marking Bits: (ParMarkBitMap*) 0x000000005399be30
 Begin Bits: [0x00000000124b0000, 0x0000000012cb0000)
 End Bits:   [0x0000000012cb0000, 0x00000000134b0000)

Polling page: 0x0000000000860000

CodeCache: size=245760Kb used=14009Kb max_used=14009Kb free=231750Kb
 bounds [0x0000000002730000, 0x00000000034f0000, 0x0000000011730000]
 total_blobs=4571 nmethods=4092 adapters=390
 compilation: enabled

Compilation events (10 events):
Event: 18.265 Thread 0x0000000015eb9000 4473       3       org.springframework.beans.factory.annotation.InitDestroyAnnotationBeanPostProcessor::requiresDestruction (12 bytes)
Event: 18.265 Thread 0x0000000015eb9000 nmethod 4473 0x00000000034e1510 code [0x00000000034e1680, 0x00000000034e1978]
Event: 18.266 Thread 0x0000000015eb9000 4474       3       org.springframework.core.MethodParameter::adaptAnnotationArray (2 bytes)
Event: 18.266 Thread 0x0000000015eb9000 nmethod 4474 0x00000000034e1a90 code [0x00000000034e1be0, 0x00000000034e1d30]
Event: 18.269 Thread 0x0000000015eb9000 4475       3       org.springframework.util.ClassUtils::getAllInterfacesForClassAsSet (106 bytes)
Event: 18.272 Thread 0x0000000015eb9000 nmethod 4475 0x00000000034e1dd0 code [0x00000000034e2140, 0x00000000034e3ed8]
Event: 18.277 Thread 0x0000000015eb9000 4477       3       org.springframework.core.MethodIntrospector::lambda$selectMethods$0 (59 bytes)
Event: 18.277 Thread 0x0000000015eb9000 nmethod 4477 0x00000000034e5050 code [0x00000000034e5240, 0x00000000034e5a08]
Event: 18.277 Thread 0x0000000015eb9000 4478       3       org.springframework.core.annotation.AnnotatedElementUtils::findMergedAnnotation (59 bytes)
Event: 18.279 Thread 0x0000000015eb9000 nmethod 4478 0x00000000034e5dd0 code [0x00000000034e60e0, 0x00000000034e76e8]

GC Heap History (10 events):
Event: 10.039 GC heap before
{Heap before GC invocations=3 (full 1):
 PSYoungGen      total 76288K, used 10677K [0x00000000f5580000, 0x00000000faa80000, 0x0000000100000000)
  eden space 65536K, 0% used [0x00000000f5580000,0x00000000f5580000,0x00000000f9580000)
  from space 10752K, 99% used [0x00000000fa000000,0x00000000faa6d668,0x00000000faa80000)
  to   space 10752K, 0% used [0x00000000f9580000,0x00000000f9580000,0x00000000fa000000)
 ParOldGen       total 175104K, used 32K [0x00000000e0000000, 0x00000000eab00000, 0x00000000f5580000)
  object space 175104K, 0% used [0x00000000e0000000,0x00000000e0008000,0x00000000eab00000)
 Metaspace       used 19841K, capacity 21100K, committed 21248K, reserved 1067008K
  class space    used 2958K, capacity 3216K, committed 3328K, reserved 1048576K
Event: 10.115 GC heap after
Heap after GC invocations=3 (full 1):
 PSYoungGen      total 76288K, used 0K [0x00000000f5580000, 0x00000000faa80000, 0x0000000100000000)
  eden space 65536K, 0% used [0x00000000f5580000,0x00000000f5580000,0x00000000f9580000)
  from space 10752K, 0% used [0x00000000fa000000,0x00000000fa000000,0x00000000faa80000)
  to   space 10752K, 0% used [0x00000000f9580000,0x00000000f9580000,0x00000000fa000000)
 ParOldGen       total 111104K, used 10217K [0x00000000e0000000, 0x00000000e6c80000, 0x00000000f5580000)
  object space 111104K, 9% used [0x00000000e0000000,0x00000000e09fa630,0x00000000e6c80000)
 Metaspace       used 19841K, capacity 21100K, committed 21248K, reserved 1067008K
  class space    used 2958K, capacity 3216K, committed 3328K, reserved 1048576K
}
Event: 11.704 GC heap before
{Heap before GC invocations=4 (full 1):
 PSYoungGen      total 76288K, used 65536K [0x00000000f5580000, 0x00000000faa80000, 0x0000000100000000)
  eden space 65536K, 100% used [0x00000000f5580000,0x00000000f9580000,0x00000000f9580000)
  from space 10752K, 0% used [0x00000000fa000000,0x00000000fa000000,0x00000000faa80000)
  to   space 10752K, 0% used [0x00000000f9580000,0x00000000f9580000,0x00000000fa000000)
 ParOldGen       total 111104K, used 10217K [0x00000000e0000000, 0x00000000e6c80000, 0x00000000f5580000)
  object space 111104K, 9% used [0x00000000e0000000,0x00000000e09fa630,0x00000000e6c80000)
 Metaspace       used 26516K, capacity 27846K, committed 28032K, reserved 1073152K
  class space    used 3894K, capacity 4145K, committed 4224K, reserved 1048576K
Event: 11.719 GC heap after
Heap after GC invocations=4 (full 1):
 PSYoungGen      total 76288K, used 6514K [0x00000000f5580000, 0x00000000fca80000, 0x0000000100000000)
  eden space 65536K, 0% used [0x00000000f5580000,0x00000000f5580000,0x00000000f9580000)
  from space 10752K, 60% used [0x00000000f9580000,0x00000000f9bdcac8,0x00000000fa000000)
  to   space 10752K, 0% used [0x00000000fc000000,0x00000000fc000000,0x00000000fca80000)
 ParOldGen       total 111104K, used 10225K [0x00000000e0000000, 0x00000000e6c80000, 0x00000000f5580000)
  object space 111104K, 9% used [0x00000000e0000000,0x00000000e09fc630,0x00000000e6c80000)
 Metaspace       used 26516K, capacity 27846K, committed 28032K, reserved 1073152K
  class space    used 3894K, capacity 4145K, committed 4224K, reserved 1048576K
}
Event: 13.823 GC heap before
{Heap before GC invocations=5 (full 1):
 PSYoungGen      total 76288K, used 72050K [0x00000000f5580000, 0x00000000fca80000, 0x0000000100000000)
  eden space 65536K, 100% used [0x00000000f5580000,0x00000000f9580000,0x00000000f9580000)
  from space 10752K, 60% used [0x00000000f9580000,0x00000000f9bdcac8,0x00000000fa000000)
  to   space 10752K, 0% used [0x00000000fc000000,0x00000000fc000000,0x00000000fca80000)
 ParOldGen       total 111104K, used 10225K [0x00000000e0000000, 0x00000000e6c80000, 0x00000000f5580000)
  object space 111104K, 9% used [0x00000000e0000000,0x00000000e09fc630,0x00000000e6c80000)
 Metaspace       used 29462K, capacity 30978K, committed 31232K, reserved 1075200K
  class space    used 4290K, capacity 4579K, committed 4608K, reserved 1048576K
Event: 13.950 GC heap after
Heap after GC invocations=5 (full 1):
 PSYoungGen      total 109056K, used 7931K [0x00000000f5580000, 0x00000000fd900000, 0x0000000100000000)
  eden space 98304K, 0% used [0x00000000f5580000,0x00000000f5580000,0x00000000fb580000)
  from space 10752K, 73% used [0x00000000fc000000,0x00000000fc7bec20,0x00000000fca80000)
  to   space 10752K, 0% used [0x00000000fb580000,0x00000000fb580000,0x00000000fc000000)
 ParOldGen       total 111104K, used 10297K [0x00000000e0000000, 0x00000000e6c80000, 0x00000000f5580000)
  object space 111104K, 9% used [0x00000000e0000000,0x00000000e0a0e640,0x00000000e6c80000)
 Metaspace       used 29462K, capacity 30978K, committed 31232K, reserved 1075200K
  class space    used 4290K, capacity 4579K, committed 4608K, reserved 1048576K
}
Event: 17.726 GC heap before
{Heap before GC invocations=6 (full 1):
 PSYoungGen      total 109056K, used 69766K [0x00000000f5580000, 0x00000000fd900000, 0x0000000100000000)
  eden space 98304K, 62% used [0x00000000f5580000,0x00000000f91e2d70,0x00000000fb580000)
  from space 10752K, 73% used [0x00000000fc000000,0x00000000fc7bec20,0x00000000fca80000)
  to   space 10752K, 0% used [0x00000000fb580000,0x00000000fb580000,0x00000000fc000000)
 ParOldGen       total 111104K, used 10297K [0x00000000e0000000, 0x00000000e6c80000, 0x00000000f5580000)
  object space 111104K, 9% used [0x00000000e0000000,0x00000000e0a0e640,0x00000000e6c80000)
 Metaspace       used 33488K, capacity 35362K, committed 35416K, reserved 1079296K
  class space    used 4766K, capacity 5099K, committed 5120K, reserved 1048576K
Event: 17.793 GC heap after
Heap after GC invocations=6 (full 1):
 PSYoungGen      total 109056K, used 7289K [0x00000000f5580000, 0x0000000100000000, 0x0000000100000000)
  eden space 98304K, 0% used [0x00000000f5580000,0x00000000f5580000,0x00000000fb580000)
  from space 10752K, 67% used [0x00000000fb580000,0x00000000fbc9e7d0,0x00000000fc000000)
  to   space 11264K, 0% used [0x00000000ff500000,0x00000000ff500000,0x0000000100000000)
 ParOldGen       total 111104K, used 10305K [0x00000000e0000000, 0x00000000e6c80000, 0x00000000f5580000)
  object space 111104K, 9% used [0x00000000e0000000,0x00000000e0a10640,0x00000000e6c80000)
 Metaspace       used 33488K, capacity 35362K, committed 35416K, reserved 1079296K
  class space    used 4766K, capacity 5099K, committed 5120K, reserved 1048576K
}
Event: 17.793 GC heap before
{Heap before GC invocations=7 (full 2):
 PSYoungGen      total 109056K, used 7289K [0x00000000f5580000, 0x0000000100000000, 0x0000000100000000)
  eden space 98304K, 0% used [0x00000000f5580000,0x00000000f5580000,0x00000000fb580000)
  from space 10752K, 67% used [0x00000000fb580000,0x00000000fbc9e7d0,0x00000000fc000000)
  to   space 11264K, 0% used [0x00000000ff500000,0x00000000ff500000,0x0000000100000000)
 ParOldGen       total 111104K, used 10305K [0x00000000e0000000, 0x00000000e6c80000, 0x00000000f5580000)
  object space 111104K, 9% used [0x00000000e0000000,0x00000000e0a10640,0x00000000e6c80000)
 Metaspace       used 33488K, capacity 35362K, committed 35416K, reserved 1079296K
  class space    used 4766K, capacity 5099K, committed 5120K, reserved 1048576K
Event: 17.914 GC heap after
Heap after GC invocations=7 (full 2):
 PSYoungGen      total 109056K, used 0K [0x00000000f5580000, 0x0000000100000000, 0x0000000100000000)
  eden space 98304K, 0% used [0x00000000f5580000,0x00000000f5580000,0x00000000fb580000)
  from space 10752K, 0% used [0x00000000fb580000,0x00000000fb580000,0x00000000fc000000)
  to   space 11264K, 0% used [0x00000000ff500000,0x00000000ff500000,0x0000000100000000)
 ParOldGen       total 151040K, used 12512K [0x00000000e0000000, 0x00000000e9380000, 0x00000000f5580000)
  object space 151040K, 8% used [0x00000000e0000000,0x00000000e0c38160,0x00000000e9380000)
 Metaspace       used 33488K, capacity 35362K, committed 35416K, reserved 1079296K
  class space    used 4766K, capacity 5099K, committed 5120K, reserved 1048576K
}

Deoptimization events (10 events):
Event: 15.401 Thread 0x00000000173c5000 Uncommon trap: reason=bimorphic action=maybe_recompile pc=0x0000000002bb0f3c method=sun.reflect.annotation.AnnotationInvocationHandler.memberValueHashCode(Ljava/lang/Object;)I @ 13
Event: 15.444 Thread 0x00000000173c5000 Uncommon trap: reason=class_check action=maybe_recompile pc=0x00000000028aa1f8 method=java.util.Collections$UnmodifiableMap.containsKey(Ljava/lang/Object;)Z @ 5
Event: 15.444 Thread 0x00000000173c5000 Uncommon trap: reason=class_check action=maybe_recompile pc=0x00000000028aa1f8 method=java.util.Collections$UnmodifiableMap.containsKey(Ljava/lang/Object;)Z @ 5
Event: 15.444 Thread 0x00000000173c5000 Uncommon trap: reason=class_check action=maybe_recompile pc=0x00000000028aa1f8 method=java.util.Collections$UnmodifiableMap.containsKey(Ljava/lang/Object;)Z @ 5
Event: 15.444 Thread 0x00000000173c5000 Uncommon trap: reason=class_check action=maybe_recompile pc=0x00000000028aa1f8 method=java.util.Collections$UnmodifiableMap.containsKey(Ljava/lang/Object;)Z @ 5
Event: 15.444 Thread 0x00000000173c5000 Uncommon trap: reason=class_check action=maybe_recompile pc=0x0000000002f593b0 method=java.util.Collections$UnmodifiableMap.get(Ljava/lang/Object;)Ljava/lang/Object; @ 5
Event: 15.449 Thread 0x00000000173c5000 Uncommon trap: reason=bimorphic action=maybe_recompile pc=0x0000000002bb0f3c method=sun.reflect.annotation.AnnotationInvocationHandler.memberValueHashCode(Ljava/lang/Object;)I @ 13
Event: 15.551 Thread 0x00000000173c5000 Uncommon trap: reason=class_check action=maybe_recompile pc=0x0000000002f593b0 method=java.util.Collections$UnmodifiableMap.get(Ljava/lang/Object;)Ljava/lang/Object; @ 5
Event: 15.648 Thread 0x00000000173c5000 Uncommon trap: reason=class_check action=maybe_recompile pc=0x0000000002f593b0 method=java.util.Collections$UnmodifiableMap.get(Ljava/lang/Object;)Ljava/lang/Object; @ 5
Event: 15.739 Thread 0x00000000173c5000 Uncommon trap: reason=class_check action=maybe_recompile pc=0x0000000002f593b0 method=java.util.Collections$UnmodifiableMap.get(Ljava/lang/Object;)Ljava/lang/Object; @ 5

Classes redefined (0 events):
No events

Internal exceptions (10 events):
Event: 17.964 Thread 0x00000000173c5000 Exception <a 'java/security/PrivilegedActionException'> (0x00000000f57107a8) thrown at [C:\ade\jenkins\workspace\8-2-build-windows-amd64-cygwin\jdk8u241\331\hotspot\src\share\vm\prims\jvm.cpp, line 1502]
Event: 17.964 Thread 0x00000000173c5000 Exception <a 'java/security/PrivilegedActionException'> (0x00000000f5710f70) thrown at [C:\ade\jenkins\workspace\8-2-build-windows-amd64-cygwin\jdk8u241\331\hotspot\src\share\vm\prims\jvm.cpp, line 1502]
Event: 18.009 Thread 0x00000000173c5000 Exception <a 'java/security/PrivilegedActionException'> (0x00000000f59d5048) thrown at [C:\ade\jenkins\workspace\8-2-build-windows-amd64-cygwin\jdk8u241\331\hotspot\src\share\vm\prims\jvm.cpp, line 1502]
Event: 18.009 Thread 0x00000000173c5000 Exception <a 'java/security/PrivilegedActionException'> (0x00000000f59d5810) thrown at [C:\ade\jenkins\workspace\8-2-build-windows-amd64-cygwin\jdk8u241\331\hotspot\src\share\vm\prims\jvm.cpp, line 1502]
Event: 18.099 Thread 0x00000000173c5000 Exception <a 'java/lang/reflect/InvocationTargetException'> (0x00000000f5b75e70) thrown at [C:\ade\jenkins\workspace\8-2-build-windows-amd64-cygwin\jdk8u241\331\hotspot\src\share\vm\runtime\reflection.cpp, line 1092]
Event: 18.102 Thread 0x00000000173c5000 Exception <a 'java/security/PrivilegedActionException'> (0x00000000f5ba81b0) thrown at [C:\ade\jenkins\workspace\8-2-build-windows-amd64-cygwin\jdk8u241\331\hotspot\src\share\vm\prims\jvm.cpp, line 1502]
Event: 18.102 Thread 0x00000000173c5000 Exception <a 'java/security/PrivilegedActionException'> (0x00000000f5ba8978) thrown at [C:\ade\jenkins\workspace\8-2-build-windows-amd64-cygwin\jdk8u241\331\hotspot\src\share\vm\prims\jvm.cpp, line 1502]
Event: 18.201 Thread 0x00000000173c5000 Exception <a 'java/lang/reflect/InvocationTargetException'> (0x00000000f5d5d308) thrown at [C:\ade\jenkins\workspace\8-2-build-windows-amd64-cygwin\jdk8u241\331\hotspot\src\share\vm\runtime\reflection.cpp, line 1092]
Event: 18.204 Thread 0x00000000173c5000 Exception <a 'java/security/PrivilegedActionException'> (0x00000000f5d8aad0) thrown at [C:\ade\jenkins\workspace\8-2-build-windows-amd64-cygwin\jdk8u241\331\hotspot\src\share\vm\prims\jvm.cpp, line 1502]
Event: 18.204 Thread 0x00000000173c5000 Exception <a 'java/security/PrivilegedActionException'> (0x00000000f5d8b298) thrown at [C:\ade\jenkins\workspace\8-2-build-windows-amd64-cygwin\jdk8u241\331\hotspot\src\share\vm\prims\jvm.cpp, line 1502]

Events (10 events):
Event: 18.215 loading class javax/inject$Inject
Event: 18.215 loading class javax/inject$Inject done
Event: 18.282 loading class javax/inject/Qualifier
Event: 18.282 loading class javax/inject/Qualifier done
Event: 18.282 loading class javax/inject$Qualifier
Event: 18.282 loading class javax/inject$Qualifier done
Event: 18.283 loading class javax/inject/Named
Event: 18.283 loading class javax/inject/Named done
Event: 18.283 loading class javax/inject$Named
Event: 18.283 loading class javax/inject$Named done


Dynamic libraries:
0x00007ff77a680000 - 0x00007ff77a6b7000 	D:\Program Files\Java\jdk1.8.0_241\bin\java.exe
0x00007ff9d43a0000 - 0x00007ff9d4590000 	C:\windows\SYSTEM32\ntdll.dll
0x00007ff9d4140000 - 0x00007ff9d41f2000 	C:\windows\System32\KERNEL32.DLL
0x00007ff9d2170000 - 0x00007ff9d2413000 	C:\windows\System32\KERNELBASE.dll
0x00007ff9d2450000 - 0x00007ff9d24f3000 	C:\windows\System32\ADVAPI32.dll
0x00007ff9d3840000 - 0x00007ff9d38de000 	C:\windows\System32\msvcrt.dll
0x00007ff9d2e90000 - 0x00007ff9d2f27000 	C:\windows\System32\sechost.dll
0x00007ff9d2cc0000 - 0x00007ff9d2de0000 	C:\windows\System32\RPCRT4.dll
0x00007ff9d35f0000 - 0x00007ff9d3784000 	C:\windows\System32\USER32.dll
0x00007ff9d14b0000 - 0x00007ff9d14d1000 	C:\windows\System32\win32u.dll
0x00007ff9d3ea0000 - 0x00007ff9d3ec6000 	C:\windows\System32\GDI32.dll
0x00007ff9d14e0000 - 0x00007ff9d1674000 	C:\windows\System32\gdi32full.dll
0x00007ff9d20d0000 - 0x00007ff9d216e000 	C:\windows\System32\msvcp_win.dll
0x00007ff9d13b0000 - 0x00007ff9d14aa000 	C:\windows\System32\ucrtbase.dll
0x00007ff9c3dd0000 - 0x00007ff9c4055000 	C:\windows\WinSxS\amd64_microsoft.windows.common-controls_6595b64144ccf1df_6.0.18362.592_none_e6c0b1911312be02\COMCTL32.dll
0x00007ff9d32b0000 - 0x00007ff9d35e6000 	C:\windows\System32\combase.dll
0x00007ff9d1330000 - 0x00007ff9d13b0000 	C:\windows\System32\bcryptPrimitives.dll
0x00007ff9d2f40000 - 0x00007ff9d2f6e000 	C:\windows\System32\IMM32.DLL
0x00000000540e0000 - 0x00000000541b2000 	D:\Program Files\Java\jdk1.8.0_241\jre\bin\msvcr100.dll
0x0000000053170000 - 0x0000000053a1c000 	D:\Program Files\Java\jdk1.8.0_241\jre\bin\server\jvm.dll
0x00007ff9d2f30000 - 0x00007ff9d2f38000 	C:\windows\System32\PSAPI.DLL
0x00007ff9cf2e0000 - 0x00007ff9cf2e9000 	C:\windows\SYSTEM32\WSOCK32.dll
0x00007ff9d2ff0000 - 0x00007ff9d305f000 	C:\windows\System32\WS2_32.dll
0x00007ff9cec30000 - 0x00007ff9cec54000 	C:\windows\SYSTEM32\WINMM.dll
0x00007ff9cf250000 - 0x00007ff9cf25a000 	C:\windows\SYSTEM32\VERSION.dll
0x00007ff9ce890000 - 0x00007ff9ce8bd000 	C:\windows\SYSTEM32\WINMMBASE.dll
0x00007ff9d1f10000 - 0x00007ff9d1f5a000 	C:\windows\System32\cfgmgr32.dll
0x00007ff9c4d30000 - 0x00007ff9c4d3f000 	D:\Program Files\Java\jdk1.8.0_241\jre\bin\verify.dll
0x00007ff9c1450000 - 0x00007ff9c1479000 	D:\Program Files\Java\jdk1.8.0_241\jre\bin\java.dll
0x00007ff9c32f0000 - 0x00007ff9c3306000 	D:\Program Files\Java\jdk1.8.0_241\jre\bin\zip.dll
0x00007ff9d2500000 - 0x00007ff9d2be5000 	C:\windows\System32\SHELL32.dll
0x00007ff9d3790000 - 0x00007ff9d3839000 	C:\windows\System32\shcore.dll
0x00007ff9d16e0000 - 0x00007ff9d1e5f000 	C:\windows\System32\windows.storage.dll
0x00007ff9d12f0000 - 0x00007ff9d130f000 	C:\windows\System32\profapi.dll
0x00007ff9d12a0000 - 0x00007ff9d12ea000 	C:\windows\System32\powrprof.dll
0x00007ff9d1270000 - 0x00007ff9d1280000 	C:\windows\System32\UMPDC.dll
0x00007ff9d30d0000 - 0x00007ff9d3122000 	C:\windows\System32\shlwapi.dll
0x00007ff9d1280000 - 0x00007ff9d1291000 	C:\windows\System32\kernel.appcore.dll
0x00007ff9d20b0000 - 0x00007ff9d20c7000 	C:\windows\System32\cryptsp.dll
0x00007ff9bdbd0000 - 0x00007ff9bdbea000 	D:\Program Files\Java\jdk1.8.0_241\jre\bin\net.dll
0x00007ff9d0ae0000 - 0x00007ff9d0b47000 	C:\windows\system32\mswsock.dll
0x00007ff9c4c90000 - 0x00007ff9c4ca2000 	D:\Program Files\Java\jdk1.8.0_241\jre\bin\nio.dll
0x00007ff9d0650000 - 0x00007ff9d0683000 	C:\windows\system32\rsaenh.dll
0x00007ff9d2420000 - 0x00007ff9d2446000 	C:\windows\System32\bcrypt.dll
0x00007ff9d1190000 - 0x00007ff9d11b5000 	C:\windows\SYSTEM32\USERENV.dll
0x00007ff9d0cb0000 - 0x00007ff9d0cbc000 	C:\windows\SYSTEM32\CRYPTBASE.dll
0x00007ff9d07f0000 - 0x00007ff9d082a000 	C:\windows\SYSTEM32\IPHLPAPI.DLL
0x00007ff9d32a0000 - 0x00007ff9d32a8000 	C:\windows\System32\NSI.dll
0x00007ff9ca120000 - 0x00007ff9ca136000 	C:\windows\SYSTEM32\dhcpcsvc6.DLL
0x00007ff9ca160000 - 0x00007ff9ca17c000 	C:\windows\SYSTEM32\dhcpcsvc.DLL
0x00007ff9d0830000 - 0x00007ff9d08fa000 	C:\windows\SYSTEM32\DNSAPI.dll
0x00007ff9c1440000 - 0x00007ff9c144d000 	D:\Program Files\Java\jdk1.8.0_241\jre\bin\management.dll
0x00007ff9c1380000 - 0x00007ff9c1396000 	C:\windows\system32\napinsp.dll
0x00007ff9ae480000 - 0x00007ff9ae49a000 	C:\windows\system32\pnrpnsp.dll
0x00007ff9c1370000 - 0x00007ff9c137e000 	C:\windows\System32\winrnr.dll
0x00007ff9cd610000 - 0x00007ff9cd62c000 	C:\windows\system32\NLAapi.dll
0x00007ff9ccb90000 - 0x00007ff9ccba5000 	C:\windows\system32\wshbth.dll
0x00007ff9c12b0000 - 0x00007ff9c12ba000 	C:\Windows\System32\rasadhlp.dll
0x00007ff9c5430000 - 0x00007ff9c54a7000 	C:\windows\System32\fwpuclnt.dll

VM Arguments:
jvm_args: -Dio.netty.leakDetection.level=paranoid -Djava.awt.headless=true -Djava.security.manager=worker.org.gradle.process.internal.worker.child.BootstrapSecurityManager -Dorg.gradle.native=false -DtestGroups -Xmx512m -Dfile.encoding=GBK -Duser.country=CN -Duser.language=zh -Duser.variant -ea 
java_command: worker.org.gradle.process.internal.worker.GradleWorkerMain 'Gradle Test Executor 4'
java_class_path (initial): C:\Users\18766\.gradle\caches\6.8.3\workerMain\gradle-worker.jar
Launcher Type: SUN_STANDARD

Environment Variables:
JAVA_HOME=D:\Program Files\Java\jdk1.8.0_241
PATH=D:\Program Files (x86)\VMware\VMware Workstation\bin\;C:\Program Files (x86)\Common Files\Oracle\Java\javapath;C:\windows\system32;C:\windows;C:\windows\System32\Wbem;C:\windows\System32\WindowsPowerShell\v1.0\;C:\windows\System32\OpenSSH\;D:\Program Files\Git\cmd;D:\Program Files\Java\jdk1.8.0_241\bin;C:\Users\18766\AppData\Local\Microsoft\WindowsApps;D:\gradle-6.6\bin;D:\Program Files\apache-maven-3.6.3\bin;
USERNAME=18766
OS=Windows_NT
PROCESSOR_IDENTIFIER=Intel64 Family 6 Model 142 Stepping 10, GenuineIntel



---------------  S Y S T E M  ---------------

OS: Windows 10.0 , 64 bit Build 18362 (10.0.18362.329)

CPU:total 8 (initial active 8) (4 cores per cpu, 2 threads per core) family 6 model 142 stepping 10, cmov, cx8, fxsr, mmx, sse, sse2, sse3, ssse3, sse4.1, sse4.2, popcnt, avx, avx2, aes, clmul, erms, 3dnowpref, lzcnt, ht, tsc, tscinvbit, bmi1, bmi2, adx

Memory: 4k page, physical 16658532k(365624k free), swap 29665888k(3108k free)

vm_info: Java HotSpot(TM) 64-Bit Server VM (25.241-b07) for windows-amd64 JRE (1.8.0_241-b07), built on Dec 11 2019 10:21:40 by "rejava" with MS VC++ 10.0 (VS2010)

time: Tue Dec 05 17:25:02 2023
timezone: 中国标准时间
elapsed time: 18 seconds (0d 0h 0m 18s)

